:: loading settings :: url = jar:file:/opt/bitnami/spark/jars/ivy-2.4.0.jar!/org/apache/ivy/core/settings/ivysettings.xml
Ivy Default Cache set to: /opt/bitnami/spark/.ivy2/cache
The jars for the packages stored in: /opt/bitnami/spark/.ivy2/jars
org.apache.spark#spark-sql-kafka-0-10_2.12 added as a dependency
:: resolving dependencies :: org.apache.spark#spark-submit-parent-f22faff0-e91c-4379-bd14-05d7ba9ec047;1.0
	confs: [default]
	found org.apache.spark#spark-sql-kafka-0-10_2.12;3.0.0 in central
	found org.apache.spark#spark-token-provider-kafka-0-10_2.12;3.0.0 in central
	found org.apache.kafka#kafka-clients;2.4.1 in central
	found com.github.luben#zstd-jni;1.4.4-3 in central
	found org.lz4#lz4-java;1.7.1 in central
	found org.xerial.snappy#snappy-java;1.1.7.5 in central
	found org.slf4j#slf4j-api;1.7.30 in central
	found org.spark-project.spark#unused;1.0.0 in central
	found org.apache.commons#commons-pool2;2.6.2 in central
:: resolution report :: resolve 596ms :: artifacts dl 56ms
	:: modules in use:
	com.github.luben#zstd-jni;1.4.4-3 from central in [default]
	org.apache.commons#commons-pool2;2.6.2 from central in [default]
	org.apache.kafka#kafka-clients;2.4.1 from central in [default]
	org.apache.spark#spark-sql-kafka-0-10_2.12;3.0.0 from central in [default]
	org.apache.spark#spark-token-provider-kafka-0-10_2.12;3.0.0 from central in [default]
	org.lz4#lz4-java;1.7.1 from central in [default]
	org.slf4j#slf4j-api;1.7.30 from central in [default]
	org.spark-project.spark#unused;1.0.0 from central in [default]
	org.xerial.snappy#snappy-java;1.1.7.5 from central in [default]
	---------------------------------------------------------------------
	|                  |            modules            ||   artifacts   |
	|       conf       | number| search|dwnlded|evicted|| number|dwnlded|
	---------------------------------------------------------------------
	|      default     |   9   |   0   |   0   |   0   ||   9   |   0   |
	---------------------------------------------------------------------
:: retrieving :: org.apache.spark#spark-submit-parent-f22faff0-e91c-4379-bd14-05d7ba9ec047
	confs: [default]
	0 artifacts copied, 9 already retrieved (0kB/21ms)
21/10/10 20:34:38 WARN NativeCodeLoader: Unable to load native-hadoop library for your platform... using builtin-java classes where applicable
Using Spark's default log4j profile: org/apache/spark/log4j-defaults.properties
21/10/10 20:34:39 INFO SparkContext: Running Spark version 3.1.2
21/10/10 20:34:39 INFO ResourceUtils: ==============================================================
21/10/10 20:34:39 INFO ResourceUtils: No custom resources configured for spark.driver.
21/10/10 20:34:39 INFO ResourceUtils: ==============================================================
21/10/10 20:34:39 INFO SparkContext: Submitted application: Job1
21/10/10 20:34:39 INFO ResourceProfile: Default ResourceProfile created, executor resources: Map(cores -> name: cores, amount: 1, script: , vendor: , memory -> name: memory, amount: 1024, script: , vendor: , offHeap -> name: offHeap, amount: 0, script: , vendor: ), task resources: Map(cpus -> name: cpus, amount: 1.0)
21/10/10 20:34:39 INFO ResourceProfile: Limiting resource is cpu
21/10/10 20:34:39 INFO ResourceProfileManager: Added ResourceProfile id: 0
21/10/10 20:34:39 INFO SecurityManager: Changing view acls to: spark
21/10/10 20:34:39 INFO SecurityManager: Changing modify acls to: spark
21/10/10 20:34:39 INFO SecurityManager: Changing view acls groups to: 
21/10/10 20:34:39 INFO SecurityManager: Changing modify acls groups to: 
21/10/10 20:34:39 INFO SecurityManager: SecurityManager: authentication disabled; ui acls disabled; users  with view permissions: Set(spark); groups with view permissions: Set(); users  with modify permissions: Set(spark); groups with modify permissions: Set()
21/10/10 20:34:39 INFO Utils: Successfully started service 'sparkDriver' on port 35429.
21/10/10 20:34:39 INFO SparkEnv: Registering MapOutputTracker
21/10/10 20:34:39 INFO SparkEnv: Registering BlockManagerMaster
21/10/10 20:34:39 INFO BlockManagerMasterEndpoint: Using org.apache.spark.storage.DefaultTopologyMapper for getting topology information
21/10/10 20:34:39 INFO BlockManagerMasterEndpoint: BlockManagerMasterEndpoint up
21/10/10 20:34:39 INFO SparkEnv: Registering BlockManagerMasterHeartbeat
21/10/10 20:34:39 INFO DiskBlockManager: Created local directory at /tmp/blockmgr-498f07cf-b74a-4b81-977d-4f6c39e2f3c5
21/10/10 20:34:40 INFO MemoryStore: MemoryStore started with capacity 366.3 MiB
21/10/10 20:34:40 INFO SparkEnv: Registering OutputCommitCoordinator
21/10/10 20:34:40 INFO Utils: Successfully started service 'SparkUI' on port 4040.
21/10/10 20:34:40 INFO SparkUI: Bound SparkUI to 0.0.0.0, and started at http://a9760481ca71:4040
21/10/10 20:34:40 INFO SparkContext: Added JAR file:///opt/bitnami/spark/.ivy2/jars/org.apache.spark_spark-sql-kafka-0-10_2.12-3.0.0.jar at spark://a9760481ca71:35429/jars/org.apache.spark_spark-sql-kafka-0-10_2.12-3.0.0.jar with timestamp 1633898079240
21/10/10 20:34:40 INFO SparkContext: Added JAR file:///opt/bitnami/spark/.ivy2/jars/org.apache.spark_spark-token-provider-kafka-0-10_2.12-3.0.0.jar at spark://a9760481ca71:35429/jars/org.apache.spark_spark-token-provider-kafka-0-10_2.12-3.0.0.jar with timestamp 1633898079240
21/10/10 20:34:40 INFO SparkContext: Added JAR file:///opt/bitnami/spark/.ivy2/jars/org.apache.kafka_kafka-clients-2.4.1.jar at spark://a9760481ca71:35429/jars/org.apache.kafka_kafka-clients-2.4.1.jar with timestamp 1633898079240
21/10/10 20:34:40 INFO SparkContext: Added JAR file:///opt/bitnami/spark/.ivy2/jars/org.apache.commons_commons-pool2-2.6.2.jar at spark://a9760481ca71:35429/jars/org.apache.commons_commons-pool2-2.6.2.jar with timestamp 1633898079240
21/10/10 20:34:40 INFO SparkContext: Added JAR file:///opt/bitnami/spark/.ivy2/jars/org.spark-project.spark_unused-1.0.0.jar at spark://a9760481ca71:35429/jars/org.spark-project.spark_unused-1.0.0.jar with timestamp 1633898079240
21/10/10 20:34:40 INFO SparkContext: Added JAR file:///opt/bitnami/spark/.ivy2/jars/com.github.luben_zstd-jni-1.4.4-3.jar at spark://a9760481ca71:35429/jars/com.github.luben_zstd-jni-1.4.4-3.jar with timestamp 1633898079240
21/10/10 20:34:40 INFO SparkContext: Added JAR file:///opt/bitnami/spark/.ivy2/jars/org.lz4_lz4-java-1.7.1.jar at spark://a9760481ca71:35429/jars/org.lz4_lz4-java-1.7.1.jar with timestamp 1633898079240
21/10/10 20:34:40 INFO SparkContext: Added JAR file:///opt/bitnami/spark/.ivy2/jars/org.xerial.snappy_snappy-java-1.1.7.5.jar at spark://a9760481ca71:35429/jars/org.xerial.snappy_snappy-java-1.1.7.5.jar with timestamp 1633898079240
21/10/10 20:34:40 INFO SparkContext: Added JAR file:///opt/bitnami/spark/.ivy2/jars/org.slf4j_slf4j-api-1.7.30.jar at spark://a9760481ca71:35429/jars/org.slf4j_slf4j-api-1.7.30.jar with timestamp 1633898079240
21/10/10 20:34:40 INFO SparkContext: Added file file:///opt/bitnami/spark/.ivy2/jars/org.apache.spark_spark-sql-kafka-0-10_2.12-3.0.0.jar at file:///opt/bitnami/spark/.ivy2/jars/org.apache.spark_spark-sql-kafka-0-10_2.12-3.0.0.jar with timestamp 1633898079240
21/10/10 20:34:40 INFO Utils: Copying /opt/bitnami/spark/.ivy2/jars/org.apache.spark_spark-sql-kafka-0-10_2.12-3.0.0.jar to /tmp/spark-1cf299dd-6a38-4fca-be78-aaa117e19cd5/userFiles-19775244-d2eb-434f-a138-13005258fb9b/org.apache.spark_spark-sql-kafka-0-10_2.12-3.0.0.jar
21/10/10 20:34:40 INFO SparkContext: Added file file:///opt/bitnami/spark/.ivy2/jars/org.apache.spark_spark-token-provider-kafka-0-10_2.12-3.0.0.jar at file:///opt/bitnami/spark/.ivy2/jars/org.apache.spark_spark-token-provider-kafka-0-10_2.12-3.0.0.jar with timestamp 1633898079240
21/10/10 20:34:40 INFO Utils: Copying /opt/bitnami/spark/.ivy2/jars/org.apache.spark_spark-token-provider-kafka-0-10_2.12-3.0.0.jar to /tmp/spark-1cf299dd-6a38-4fca-be78-aaa117e19cd5/userFiles-19775244-d2eb-434f-a138-13005258fb9b/org.apache.spark_spark-token-provider-kafka-0-10_2.12-3.0.0.jar
21/10/10 20:34:40 INFO SparkContext: Added file file:///opt/bitnami/spark/.ivy2/jars/org.apache.kafka_kafka-clients-2.4.1.jar at file:///opt/bitnami/spark/.ivy2/jars/org.apache.kafka_kafka-clients-2.4.1.jar with timestamp 1633898079240
21/10/10 20:34:40 INFO Utils: Copying /opt/bitnami/spark/.ivy2/jars/org.apache.kafka_kafka-clients-2.4.1.jar to /tmp/spark-1cf299dd-6a38-4fca-be78-aaa117e19cd5/userFiles-19775244-d2eb-434f-a138-13005258fb9b/org.apache.kafka_kafka-clients-2.4.1.jar
21/10/10 20:34:40 INFO SparkContext: Added file file:///opt/bitnami/spark/.ivy2/jars/org.apache.commons_commons-pool2-2.6.2.jar at file:///opt/bitnami/spark/.ivy2/jars/org.apache.commons_commons-pool2-2.6.2.jar with timestamp 1633898079240
21/10/10 20:34:40 INFO Utils: Copying /opt/bitnami/spark/.ivy2/jars/org.apache.commons_commons-pool2-2.6.2.jar to /tmp/spark-1cf299dd-6a38-4fca-be78-aaa117e19cd5/userFiles-19775244-d2eb-434f-a138-13005258fb9b/org.apache.commons_commons-pool2-2.6.2.jar
21/10/10 20:34:40 INFO SparkContext: Added file file:///opt/bitnami/spark/.ivy2/jars/org.spark-project.spark_unused-1.0.0.jar at file:///opt/bitnami/spark/.ivy2/jars/org.spark-project.spark_unused-1.0.0.jar with timestamp 1633898079240
21/10/10 20:34:40 INFO Utils: Copying /opt/bitnami/spark/.ivy2/jars/org.spark-project.spark_unused-1.0.0.jar to /tmp/spark-1cf299dd-6a38-4fca-be78-aaa117e19cd5/userFiles-19775244-d2eb-434f-a138-13005258fb9b/org.spark-project.spark_unused-1.0.0.jar
21/10/10 20:34:40 INFO SparkContext: Added file file:///opt/bitnami/spark/.ivy2/jars/com.github.luben_zstd-jni-1.4.4-3.jar at file:///opt/bitnami/spark/.ivy2/jars/com.github.luben_zstd-jni-1.4.4-3.jar with timestamp 1633898079240
21/10/10 20:34:40 INFO Utils: Copying /opt/bitnami/spark/.ivy2/jars/com.github.luben_zstd-jni-1.4.4-3.jar to /tmp/spark-1cf299dd-6a38-4fca-be78-aaa117e19cd5/userFiles-19775244-d2eb-434f-a138-13005258fb9b/com.github.luben_zstd-jni-1.4.4-3.jar
21/10/10 20:34:40 INFO SparkContext: Added file file:///opt/bitnami/spark/.ivy2/jars/org.lz4_lz4-java-1.7.1.jar at file:///opt/bitnami/spark/.ivy2/jars/org.lz4_lz4-java-1.7.1.jar with timestamp 1633898079240
21/10/10 20:34:40 INFO Utils: Copying /opt/bitnami/spark/.ivy2/jars/org.lz4_lz4-java-1.7.1.jar to /tmp/spark-1cf299dd-6a38-4fca-be78-aaa117e19cd5/userFiles-19775244-d2eb-434f-a138-13005258fb9b/org.lz4_lz4-java-1.7.1.jar
21/10/10 20:34:40 INFO SparkContext: Added file file:///opt/bitnami/spark/.ivy2/jars/org.xerial.snappy_snappy-java-1.1.7.5.jar at file:///opt/bitnami/spark/.ivy2/jars/org.xerial.snappy_snappy-java-1.1.7.5.jar with timestamp 1633898079240
21/10/10 20:34:40 INFO Utils: Copying /opt/bitnami/spark/.ivy2/jars/org.xerial.snappy_snappy-java-1.1.7.5.jar to /tmp/spark-1cf299dd-6a38-4fca-be78-aaa117e19cd5/userFiles-19775244-d2eb-434f-a138-13005258fb9b/org.xerial.snappy_snappy-java-1.1.7.5.jar
21/10/10 20:34:40 INFO SparkContext: Added file file:///opt/bitnami/spark/.ivy2/jars/org.slf4j_slf4j-api-1.7.30.jar at file:///opt/bitnami/spark/.ivy2/jars/org.slf4j_slf4j-api-1.7.30.jar with timestamp 1633898079240
21/10/10 20:34:40 INFO Utils: Copying /opt/bitnami/spark/.ivy2/jars/org.slf4j_slf4j-api-1.7.30.jar to /tmp/spark-1cf299dd-6a38-4fca-be78-aaa117e19cd5/userFiles-19775244-d2eb-434f-a138-13005258fb9b/org.slf4j_slf4j-api-1.7.30.jar
21/10/10 20:34:40 INFO Executor: Starting executor ID driver on host a9760481ca71
21/10/10 20:34:41 INFO Executor: Fetching file:///opt/bitnami/spark/.ivy2/jars/org.apache.spark_spark-token-provider-kafka-0-10_2.12-3.0.0.jar with timestamp 1633898079240
21/10/10 20:34:41 INFO Utils: /opt/bitnami/spark/.ivy2/jars/org.apache.spark_spark-token-provider-kafka-0-10_2.12-3.0.0.jar has been previously copied to /tmp/spark-1cf299dd-6a38-4fca-be78-aaa117e19cd5/userFiles-19775244-d2eb-434f-a138-13005258fb9b/org.apache.spark_spark-token-provider-kafka-0-10_2.12-3.0.0.jar
21/10/10 20:34:41 INFO Executor: Fetching file:///opt/bitnami/spark/.ivy2/jars/com.github.luben_zstd-jni-1.4.4-3.jar with timestamp 1633898079240
21/10/10 20:34:41 INFO Utils: /opt/bitnami/spark/.ivy2/jars/com.github.luben_zstd-jni-1.4.4-3.jar has been previously copied to /tmp/spark-1cf299dd-6a38-4fca-be78-aaa117e19cd5/userFiles-19775244-d2eb-434f-a138-13005258fb9b/com.github.luben_zstd-jni-1.4.4-3.jar
21/10/10 20:34:41 INFO Executor: Fetching file:///opt/bitnami/spark/.ivy2/jars/org.xerial.snappy_snappy-java-1.1.7.5.jar with timestamp 1633898079240
21/10/10 20:34:41 INFO Utils: /opt/bitnami/spark/.ivy2/jars/org.xerial.snappy_snappy-java-1.1.7.5.jar has been previously copied to /tmp/spark-1cf299dd-6a38-4fca-be78-aaa117e19cd5/userFiles-19775244-d2eb-434f-a138-13005258fb9b/org.xerial.snappy_snappy-java-1.1.7.5.jar
21/10/10 20:34:41 INFO Executor: Fetching file:///opt/bitnami/spark/.ivy2/jars/org.apache.kafka_kafka-clients-2.4.1.jar with timestamp 1633898079240
21/10/10 20:34:41 INFO Utils: /opt/bitnami/spark/.ivy2/jars/org.apache.kafka_kafka-clients-2.4.1.jar has been previously copied to /tmp/spark-1cf299dd-6a38-4fca-be78-aaa117e19cd5/userFiles-19775244-d2eb-434f-a138-13005258fb9b/org.apache.kafka_kafka-clients-2.4.1.jar
21/10/10 20:34:41 INFO Executor: Fetching file:///opt/bitnami/spark/.ivy2/jars/org.apache.spark_spark-sql-kafka-0-10_2.12-3.0.0.jar with timestamp 1633898079240
21/10/10 20:34:41 INFO Utils: /opt/bitnami/spark/.ivy2/jars/org.apache.spark_spark-sql-kafka-0-10_2.12-3.0.0.jar has been previously copied to /tmp/spark-1cf299dd-6a38-4fca-be78-aaa117e19cd5/userFiles-19775244-d2eb-434f-a138-13005258fb9b/org.apache.spark_spark-sql-kafka-0-10_2.12-3.0.0.jar
21/10/10 20:34:41 INFO Executor: Fetching file:///opt/bitnami/spark/.ivy2/jars/org.apache.commons_commons-pool2-2.6.2.jar with timestamp 1633898079240
21/10/10 20:34:41 INFO Utils: /opt/bitnami/spark/.ivy2/jars/org.apache.commons_commons-pool2-2.6.2.jar has been previously copied to /tmp/spark-1cf299dd-6a38-4fca-be78-aaa117e19cd5/userFiles-19775244-d2eb-434f-a138-13005258fb9b/org.apache.commons_commons-pool2-2.6.2.jar
21/10/10 20:34:41 INFO Executor: Fetching file:///opt/bitnami/spark/.ivy2/jars/org.spark-project.spark_unused-1.0.0.jar with timestamp 1633898079240
21/10/10 20:34:41 INFO Utils: /opt/bitnami/spark/.ivy2/jars/org.spark-project.spark_unused-1.0.0.jar has been previously copied to /tmp/spark-1cf299dd-6a38-4fca-be78-aaa117e19cd5/userFiles-19775244-d2eb-434f-a138-13005258fb9b/org.spark-project.spark_unused-1.0.0.jar
21/10/10 20:34:41 INFO Executor: Fetching file:///opt/bitnami/spark/.ivy2/jars/org.lz4_lz4-java-1.7.1.jar with timestamp 1633898079240
21/10/10 20:34:41 INFO Utils: /opt/bitnami/spark/.ivy2/jars/org.lz4_lz4-java-1.7.1.jar has been previously copied to /tmp/spark-1cf299dd-6a38-4fca-be78-aaa117e19cd5/userFiles-19775244-d2eb-434f-a138-13005258fb9b/org.lz4_lz4-java-1.7.1.jar
21/10/10 20:34:41 INFO Executor: Fetching file:///opt/bitnami/spark/.ivy2/jars/org.slf4j_slf4j-api-1.7.30.jar with timestamp 1633898079240
21/10/10 20:34:41 INFO Utils: /opt/bitnami/spark/.ivy2/jars/org.slf4j_slf4j-api-1.7.30.jar has been previously copied to /tmp/spark-1cf299dd-6a38-4fca-be78-aaa117e19cd5/userFiles-19775244-d2eb-434f-a138-13005258fb9b/org.slf4j_slf4j-api-1.7.30.jar
21/10/10 20:34:41 INFO Executor: Fetching spark://a9760481ca71:35429/jars/org.spark-project.spark_unused-1.0.0.jar with timestamp 1633898079240
21/10/10 20:34:41 INFO TransportClientFactory: Successfully created connection to a9760481ca71/172.19.0.4:35429 after 51 ms (0 ms spent in bootstraps)
21/10/10 20:34:41 INFO Utils: Fetching spark://a9760481ca71:35429/jars/org.spark-project.spark_unused-1.0.0.jar to /tmp/spark-1cf299dd-6a38-4fca-be78-aaa117e19cd5/userFiles-19775244-d2eb-434f-a138-13005258fb9b/fetchFileTemp1789673726930006161.tmp
21/10/10 20:34:41 INFO Utils: /tmp/spark-1cf299dd-6a38-4fca-be78-aaa117e19cd5/userFiles-19775244-d2eb-434f-a138-13005258fb9b/fetchFileTemp1789673726930006161.tmp has been previously copied to /tmp/spark-1cf299dd-6a38-4fca-be78-aaa117e19cd5/userFiles-19775244-d2eb-434f-a138-13005258fb9b/org.spark-project.spark_unused-1.0.0.jar
21/10/10 20:34:41 INFO Executor: Adding file:/tmp/spark-1cf299dd-6a38-4fca-be78-aaa117e19cd5/userFiles-19775244-d2eb-434f-a138-13005258fb9b/org.spark-project.spark_unused-1.0.0.jar to class loader
21/10/10 20:34:41 INFO Executor: Fetching spark://a9760481ca71:35429/jars/org.apache.spark_spark-sql-kafka-0-10_2.12-3.0.0.jar with timestamp 1633898079240
21/10/10 20:34:41 INFO Utils: Fetching spark://a9760481ca71:35429/jars/org.apache.spark_spark-sql-kafka-0-10_2.12-3.0.0.jar to /tmp/spark-1cf299dd-6a38-4fca-be78-aaa117e19cd5/userFiles-19775244-d2eb-434f-a138-13005258fb9b/fetchFileTemp5905025096064587520.tmp
21/10/10 20:34:41 INFO Utils: /tmp/spark-1cf299dd-6a38-4fca-be78-aaa117e19cd5/userFiles-19775244-d2eb-434f-a138-13005258fb9b/fetchFileTemp5905025096064587520.tmp has been previously copied to /tmp/spark-1cf299dd-6a38-4fca-be78-aaa117e19cd5/userFiles-19775244-d2eb-434f-a138-13005258fb9b/org.apache.spark_spark-sql-kafka-0-10_2.12-3.0.0.jar
21/10/10 20:34:41 INFO Executor: Adding file:/tmp/spark-1cf299dd-6a38-4fca-be78-aaa117e19cd5/userFiles-19775244-d2eb-434f-a138-13005258fb9b/org.apache.spark_spark-sql-kafka-0-10_2.12-3.0.0.jar to class loader
21/10/10 20:34:41 INFO Executor: Fetching spark://a9760481ca71:35429/jars/org.apache.commons_commons-pool2-2.6.2.jar with timestamp 1633898079240
21/10/10 20:34:41 INFO Utils: Fetching spark://a9760481ca71:35429/jars/org.apache.commons_commons-pool2-2.6.2.jar to /tmp/spark-1cf299dd-6a38-4fca-be78-aaa117e19cd5/userFiles-19775244-d2eb-434f-a138-13005258fb9b/fetchFileTemp5327314799717055669.tmp
21/10/10 20:34:41 INFO Utils: /tmp/spark-1cf299dd-6a38-4fca-be78-aaa117e19cd5/userFiles-19775244-d2eb-434f-a138-13005258fb9b/fetchFileTemp5327314799717055669.tmp has been previously copied to /tmp/spark-1cf299dd-6a38-4fca-be78-aaa117e19cd5/userFiles-19775244-d2eb-434f-a138-13005258fb9b/org.apache.commons_commons-pool2-2.6.2.jar
21/10/10 20:34:41 INFO Executor: Adding file:/tmp/spark-1cf299dd-6a38-4fca-be78-aaa117e19cd5/userFiles-19775244-d2eb-434f-a138-13005258fb9b/org.apache.commons_commons-pool2-2.6.2.jar to class loader
21/10/10 20:34:41 INFO Executor: Fetching spark://a9760481ca71:35429/jars/org.lz4_lz4-java-1.7.1.jar with timestamp 1633898079240
21/10/10 20:34:41 INFO Utils: Fetching spark://a9760481ca71:35429/jars/org.lz4_lz4-java-1.7.1.jar to /tmp/spark-1cf299dd-6a38-4fca-be78-aaa117e19cd5/userFiles-19775244-d2eb-434f-a138-13005258fb9b/fetchFileTemp5625387187408441230.tmp
21/10/10 20:34:41 INFO Utils: /tmp/spark-1cf299dd-6a38-4fca-be78-aaa117e19cd5/userFiles-19775244-d2eb-434f-a138-13005258fb9b/fetchFileTemp5625387187408441230.tmp has been previously copied to /tmp/spark-1cf299dd-6a38-4fca-be78-aaa117e19cd5/userFiles-19775244-d2eb-434f-a138-13005258fb9b/org.lz4_lz4-java-1.7.1.jar
21/10/10 20:34:41 INFO Executor: Adding file:/tmp/spark-1cf299dd-6a38-4fca-be78-aaa117e19cd5/userFiles-19775244-d2eb-434f-a138-13005258fb9b/org.lz4_lz4-java-1.7.1.jar to class loader
21/10/10 20:34:41 INFO Executor: Fetching spark://a9760481ca71:35429/jars/org.slf4j_slf4j-api-1.7.30.jar with timestamp 1633898079240
21/10/10 20:34:41 INFO Utils: Fetching spark://a9760481ca71:35429/jars/org.slf4j_slf4j-api-1.7.30.jar to /tmp/spark-1cf299dd-6a38-4fca-be78-aaa117e19cd5/userFiles-19775244-d2eb-434f-a138-13005258fb9b/fetchFileTemp6464377478440083826.tmp
21/10/10 20:34:41 INFO Utils: /tmp/spark-1cf299dd-6a38-4fca-be78-aaa117e19cd5/userFiles-19775244-d2eb-434f-a138-13005258fb9b/fetchFileTemp6464377478440083826.tmp has been previously copied to /tmp/spark-1cf299dd-6a38-4fca-be78-aaa117e19cd5/userFiles-19775244-d2eb-434f-a138-13005258fb9b/org.slf4j_slf4j-api-1.7.30.jar
21/10/10 20:34:41 INFO Executor: Adding file:/tmp/spark-1cf299dd-6a38-4fca-be78-aaa117e19cd5/userFiles-19775244-d2eb-434f-a138-13005258fb9b/org.slf4j_slf4j-api-1.7.30.jar to class loader
21/10/10 20:34:41 INFO Executor: Fetching spark://a9760481ca71:35429/jars/com.github.luben_zstd-jni-1.4.4-3.jar with timestamp 1633898079240
21/10/10 20:34:41 INFO Utils: Fetching spark://a9760481ca71:35429/jars/com.github.luben_zstd-jni-1.4.4-3.jar to /tmp/spark-1cf299dd-6a38-4fca-be78-aaa117e19cd5/userFiles-19775244-d2eb-434f-a138-13005258fb9b/fetchFileTemp9157879318358949142.tmp
21/10/10 20:34:41 INFO Utils: /tmp/spark-1cf299dd-6a38-4fca-be78-aaa117e19cd5/userFiles-19775244-d2eb-434f-a138-13005258fb9b/fetchFileTemp9157879318358949142.tmp has been previously copied to /tmp/spark-1cf299dd-6a38-4fca-be78-aaa117e19cd5/userFiles-19775244-d2eb-434f-a138-13005258fb9b/com.github.luben_zstd-jni-1.4.4-3.jar
21/10/10 20:34:41 INFO Executor: Adding file:/tmp/spark-1cf299dd-6a38-4fca-be78-aaa117e19cd5/userFiles-19775244-d2eb-434f-a138-13005258fb9b/com.github.luben_zstd-jni-1.4.4-3.jar to class loader
21/10/10 20:34:41 INFO Executor: Fetching spark://a9760481ca71:35429/jars/org.xerial.snappy_snappy-java-1.1.7.5.jar with timestamp 1633898079240
21/10/10 20:34:41 INFO Utils: Fetching spark://a9760481ca71:35429/jars/org.xerial.snappy_snappy-java-1.1.7.5.jar to /tmp/spark-1cf299dd-6a38-4fca-be78-aaa117e19cd5/userFiles-19775244-d2eb-434f-a138-13005258fb9b/fetchFileTemp8927421004401521693.tmp
21/10/10 20:34:41 INFO Utils: /tmp/spark-1cf299dd-6a38-4fca-be78-aaa117e19cd5/userFiles-19775244-d2eb-434f-a138-13005258fb9b/fetchFileTemp8927421004401521693.tmp has been previously copied to /tmp/spark-1cf299dd-6a38-4fca-be78-aaa117e19cd5/userFiles-19775244-d2eb-434f-a138-13005258fb9b/org.xerial.snappy_snappy-java-1.1.7.5.jar
21/10/10 20:34:41 INFO Executor: Adding file:/tmp/spark-1cf299dd-6a38-4fca-be78-aaa117e19cd5/userFiles-19775244-d2eb-434f-a138-13005258fb9b/org.xerial.snappy_snappy-java-1.1.7.5.jar to class loader
21/10/10 20:34:41 INFO Executor: Fetching spark://a9760481ca71:35429/jars/org.apache.spark_spark-token-provider-kafka-0-10_2.12-3.0.0.jar with timestamp 1633898079240
21/10/10 20:34:41 INFO Utils: Fetching spark://a9760481ca71:35429/jars/org.apache.spark_spark-token-provider-kafka-0-10_2.12-3.0.0.jar to /tmp/spark-1cf299dd-6a38-4fca-be78-aaa117e19cd5/userFiles-19775244-d2eb-434f-a138-13005258fb9b/fetchFileTemp8546283646535225813.tmp
21/10/10 20:34:41 INFO Utils: /tmp/spark-1cf299dd-6a38-4fca-be78-aaa117e19cd5/userFiles-19775244-d2eb-434f-a138-13005258fb9b/fetchFileTemp8546283646535225813.tmp has been previously copied to /tmp/spark-1cf299dd-6a38-4fca-be78-aaa117e19cd5/userFiles-19775244-d2eb-434f-a138-13005258fb9b/org.apache.spark_spark-token-provider-kafka-0-10_2.12-3.0.0.jar
21/10/10 20:34:41 INFO Executor: Adding file:/tmp/spark-1cf299dd-6a38-4fca-be78-aaa117e19cd5/userFiles-19775244-d2eb-434f-a138-13005258fb9b/org.apache.spark_spark-token-provider-kafka-0-10_2.12-3.0.0.jar to class loader
21/10/10 20:34:41 INFO Executor: Fetching spark://a9760481ca71:35429/jars/org.apache.kafka_kafka-clients-2.4.1.jar with timestamp 1633898079240
21/10/10 20:34:41 INFO Utils: Fetching spark://a9760481ca71:35429/jars/org.apache.kafka_kafka-clients-2.4.1.jar to /tmp/spark-1cf299dd-6a38-4fca-be78-aaa117e19cd5/userFiles-19775244-d2eb-434f-a138-13005258fb9b/fetchFileTemp1760882737088540178.tmp
21/10/10 20:34:41 INFO Utils: /tmp/spark-1cf299dd-6a38-4fca-be78-aaa117e19cd5/userFiles-19775244-d2eb-434f-a138-13005258fb9b/fetchFileTemp1760882737088540178.tmp has been previously copied to /tmp/spark-1cf299dd-6a38-4fca-be78-aaa117e19cd5/userFiles-19775244-d2eb-434f-a138-13005258fb9b/org.apache.kafka_kafka-clients-2.4.1.jar
21/10/10 20:34:41 INFO Executor: Adding file:/tmp/spark-1cf299dd-6a38-4fca-be78-aaa117e19cd5/userFiles-19775244-d2eb-434f-a138-13005258fb9b/org.apache.kafka_kafka-clients-2.4.1.jar to class loader
21/10/10 20:34:41 INFO Utils: Successfully started service 'org.apache.spark.network.netty.NettyBlockTransferService' on port 39045.
21/10/10 20:34:41 INFO NettyBlockTransferService: Server created on a9760481ca71:39045
21/10/10 20:34:41 INFO BlockManager: Using org.apache.spark.storage.RandomBlockReplicationPolicy for block replication policy
21/10/10 20:34:41 INFO BlockManagerMaster: Registering BlockManager BlockManagerId(driver, a9760481ca71, 39045, None)
21/10/10 20:34:41 INFO BlockManagerMasterEndpoint: Registering block manager a9760481ca71:39045 with 366.3 MiB RAM, BlockManagerId(driver, a9760481ca71, 39045, None)
21/10/10 20:34:41 INFO BlockManagerMaster: Registered BlockManager BlockManagerId(driver, a9760481ca71, 39045, None)
21/10/10 20:34:41 INFO BlockManager: Initialized BlockManager: BlockManagerId(driver, a9760481ca71, 39045, None)
21/10/10 20:34:42 INFO SharedState: Setting hive.metastore.warehouse.dir ('null') to the value of spark.sql.warehouse.dir ('file:/opt/bitnami/spark/spark-warehouse').
21/10/10 20:34:42 INFO SharedState: Warehouse path is 'file:/opt/bitnami/spark/spark-warehouse'.
21/10/10 20:34:45 WARN StreamingQueryManager: Temporary checkpoint location created which is deleted normally when the query didn't fail: /tmp/temporary-98b9573d-8672-4723-b173-1c89f08f3d6a. If it's required to delete it under any circumstances, please set spark.sql.streaming.forceDeleteTempCheckpointLocation to true. Important to know deleting temp checkpoint folder is best effort.
-------------------------------------------
Batch: 0
-------------------------------------------
+--------------------+-----+
|            customer|score|
+--------------------+-----+
|Larry.Khatib@test...|  2.5|
|Sarah.Lincoln@tes...|-17.0|
|Sean.Jefferson@te...|  7.0|
|Suresh.Sanchez@te...|-16.5|
|Frank.Abram@test.com| 19.5|
|Santosh.Anderson@...| -2.0|
|Neeraj.Lincoln@te...| -1.5|
|Sarah.Phillips@te...| -3.5|
|John.Anandh@test.com| -2.0|
|Santosh.Olson@tes...| -3.5|
| Lyn.Khatib@test.com| -1.5|
|Craig.Lincoln@tes...| -0.5|
|Gail.Habschied@te...| -3.0|
|Jerry.Jones@test.com| -2.5|
|Travis.Staples@te...|-29.0|
|David.Jones@test.com| 18.0|
|Jason.Ahmed@test.com|-14.0|
|Jacob.Staples@tes...|-16.5|
|Craig.Fibonnaci@t...|-10.5|
|Jacob.Mitra@test.com|  0.5|
+--------------------+-----+
only showing top 20 rows

-------------------------------------------
Batch: 1
-------------------------------------------
+--------------------+-----+
|            customer|score|
+--------------------+-----+
|Larry.Khatib@test...|  5.5|
+--------------------+-----+

-------------------------------------------
Batch: 2
-------------------------------------------
+--------------------+-----+
|            customer|score|
+--------------------+-----+
|Sarah.Lincoln@tes...|-14.5|
+--------------------+-----+
