:: loading settings :: url = jar:file:/opt/bitnami/spark/jars/ivy-2.4.0.jar!/org/apache/ivy/core/settings/ivysettings.xml
Ivy Default Cache set to: /opt/bitnami/spark/.ivy2/cache
The jars for the packages stored in: /opt/bitnami/spark/.ivy2/jars
org.apache.spark#spark-sql-kafka-0-10_2.12 added as a dependency
:: resolving dependencies :: org.apache.spark#spark-submit-parent-6ecea88c-070d-4783-9fd9-16f6c53babaa;1.0
	confs: [default]
	found org.apache.spark#spark-sql-kafka-0-10_2.12;3.0.0 in central
	found org.apache.spark#spark-token-provider-kafka-0-10_2.12;3.0.0 in central
	found org.apache.kafka#kafka-clients;2.4.1 in central
	found com.github.luben#zstd-jni;1.4.4-3 in central
	found org.lz4#lz4-java;1.7.1 in central
	found org.xerial.snappy#snappy-java;1.1.7.5 in central
	found org.slf4j#slf4j-api;1.7.30 in central
	found org.spark-project.spark#unused;1.0.0 in central
	found org.apache.commons#commons-pool2;2.6.2 in central
:: resolution report :: resolve 606ms :: artifacts dl 75ms
	:: modules in use:
	com.github.luben#zstd-jni;1.4.4-3 from central in [default]
	org.apache.commons#commons-pool2;2.6.2 from central in [default]
	org.apache.kafka#kafka-clients;2.4.1 from central in [default]
	org.apache.spark#spark-sql-kafka-0-10_2.12;3.0.0 from central in [default]
	org.apache.spark#spark-token-provider-kafka-0-10_2.12;3.0.0 from central in [default]
	org.lz4#lz4-java;1.7.1 from central in [default]
	org.slf4j#slf4j-api;1.7.30 from central in [default]
	org.spark-project.spark#unused;1.0.0 from central in [default]
	org.xerial.snappy#snappy-java;1.1.7.5 from central in [default]
	---------------------------------------------------------------------
	|                  |            modules            ||   artifacts   |
	|       conf       | number| search|dwnlded|evicted|| number|dwnlded|
	---------------------------------------------------------------------
	|      default     |   9   |   0   |   0   |   0   ||   9   |   0   |
	---------------------------------------------------------------------
:: retrieving :: org.apache.spark#spark-submit-parent-6ecea88c-070d-4783-9fd9-16f6c53babaa
	confs: [default]
	0 artifacts copied, 9 already retrieved (0kB/18ms)
21/10/10 21:35:24 WARN NativeCodeLoader: Unable to load native-hadoop library for your platform... using builtin-java classes where applicable
Using Spark's default log4j profile: org/apache/spark/log4j-defaults.properties
21/10/10 21:35:25 INFO SparkContext: Running Spark version 3.1.2
21/10/10 21:35:25 INFO ResourceUtils: ==============================================================
21/10/10 21:35:25 INFO ResourceUtils: No custom resources configured for spark.driver.
21/10/10 21:35:25 INFO ResourceUtils: ==============================================================
21/10/10 21:35:25 INFO SparkContext: Submitted application: Job3
21/10/10 21:35:25 INFO ResourceProfile: Default ResourceProfile created, executor resources: Map(cores -> name: cores, amount: 1, script: , vendor: , memory -> name: memory, amount: 1024, script: , vendor: , offHeap -> name: offHeap, amount: 0, script: , vendor: ), task resources: Map(cpus -> name: cpus, amount: 1.0)
21/10/10 21:35:26 INFO ResourceProfile: Limiting resource is cpu
21/10/10 21:35:26 INFO ResourceProfileManager: Added ResourceProfile id: 0
21/10/10 21:35:26 INFO SecurityManager: Changing view acls to: spark
21/10/10 21:35:26 INFO SecurityManager: Changing modify acls to: spark
21/10/10 21:35:26 INFO SecurityManager: Changing view acls groups to: 
21/10/10 21:35:26 INFO SecurityManager: Changing modify acls groups to: 
21/10/10 21:35:26 INFO SecurityManager: SecurityManager: authentication disabled; ui acls disabled; users  with view permissions: Set(spark); groups with view permissions: Set(); users  with modify permissions: Set(spark); groups with modify permissions: Set()
21/10/10 21:35:26 INFO Utils: Successfully started service 'sparkDriver' on port 43367.
21/10/10 21:35:26 INFO SparkEnv: Registering MapOutputTracker
21/10/10 21:35:26 INFO SparkEnv: Registering BlockManagerMaster
21/10/10 21:35:26 INFO BlockManagerMasterEndpoint: Using org.apache.spark.storage.DefaultTopologyMapper for getting topology information
21/10/10 21:35:26 INFO BlockManagerMasterEndpoint: BlockManagerMasterEndpoint up
21/10/10 21:35:26 INFO SparkEnv: Registering BlockManagerMasterHeartbeat
21/10/10 21:35:26 INFO DiskBlockManager: Created local directory at /tmp/blockmgr-7a947a91-f204-49c7-b378-8098315b2b2d
21/10/10 21:35:26 INFO MemoryStore: MemoryStore started with capacity 366.3 MiB
21/10/10 21:35:26 INFO SparkEnv: Registering OutputCommitCoordinator
21/10/10 21:35:26 INFO Utils: Successfully started service 'SparkUI' on port 4040.
21/10/10 21:35:27 INFO SparkUI: Bound SparkUI to 0.0.0.0, and started at http://54198b698385:4040
21/10/10 21:35:27 INFO SparkContext: Added JAR file:///opt/bitnami/spark/.ivy2/jars/org.apache.spark_spark-sql-kafka-0-10_2.12-3.0.0.jar at spark://54198b698385:43367/jars/org.apache.spark_spark-sql-kafka-0-10_2.12-3.0.0.jar with timestamp 1633901725858
21/10/10 21:35:27 INFO SparkContext: Added JAR file:///opt/bitnami/spark/.ivy2/jars/org.apache.spark_spark-token-provider-kafka-0-10_2.12-3.0.0.jar at spark://54198b698385:43367/jars/org.apache.spark_spark-token-provider-kafka-0-10_2.12-3.0.0.jar with timestamp 1633901725858
21/10/10 21:35:27 INFO SparkContext: Added JAR file:///opt/bitnami/spark/.ivy2/jars/org.apache.kafka_kafka-clients-2.4.1.jar at spark://54198b698385:43367/jars/org.apache.kafka_kafka-clients-2.4.1.jar with timestamp 1633901725858
21/10/10 21:35:27 INFO SparkContext: Added JAR file:///opt/bitnami/spark/.ivy2/jars/org.apache.commons_commons-pool2-2.6.2.jar at spark://54198b698385:43367/jars/org.apache.commons_commons-pool2-2.6.2.jar with timestamp 1633901725858
21/10/10 21:35:27 INFO SparkContext: Added JAR file:///opt/bitnami/spark/.ivy2/jars/org.spark-project.spark_unused-1.0.0.jar at spark://54198b698385:43367/jars/org.spark-project.spark_unused-1.0.0.jar with timestamp 1633901725858
21/10/10 21:35:27 INFO SparkContext: Added JAR file:///opt/bitnami/spark/.ivy2/jars/com.github.luben_zstd-jni-1.4.4-3.jar at spark://54198b698385:43367/jars/com.github.luben_zstd-jni-1.4.4-3.jar with timestamp 1633901725858
21/10/10 21:35:27 INFO SparkContext: Added JAR file:///opt/bitnami/spark/.ivy2/jars/org.lz4_lz4-java-1.7.1.jar at spark://54198b698385:43367/jars/org.lz4_lz4-java-1.7.1.jar with timestamp 1633901725858
21/10/10 21:35:27 INFO SparkContext: Added JAR file:///opt/bitnami/spark/.ivy2/jars/org.xerial.snappy_snappy-java-1.1.7.5.jar at spark://54198b698385:43367/jars/org.xerial.snappy_snappy-java-1.1.7.5.jar with timestamp 1633901725858
21/10/10 21:35:27 INFO SparkContext: Added JAR file:///opt/bitnami/spark/.ivy2/jars/org.slf4j_slf4j-api-1.7.30.jar at spark://54198b698385:43367/jars/org.slf4j_slf4j-api-1.7.30.jar with timestamp 1633901725858
21/10/10 21:35:27 INFO SparkContext: Added file file:///opt/bitnami/spark/.ivy2/jars/org.apache.spark_spark-sql-kafka-0-10_2.12-3.0.0.jar at file:///opt/bitnami/spark/.ivy2/jars/org.apache.spark_spark-sql-kafka-0-10_2.12-3.0.0.jar with timestamp 1633901725858
21/10/10 21:35:27 INFO Utils: Copying /opt/bitnami/spark/.ivy2/jars/org.apache.spark_spark-sql-kafka-0-10_2.12-3.0.0.jar to /tmp/spark-9fd91a56-1fc6-4f65-96fe-5b40f14fbcbe/userFiles-78c5a8d4-d87f-4f13-ba0e-0e33974821f7/org.apache.spark_spark-sql-kafka-0-10_2.12-3.0.0.jar
21/10/10 21:35:27 INFO SparkContext: Added file file:///opt/bitnami/spark/.ivy2/jars/org.apache.spark_spark-token-provider-kafka-0-10_2.12-3.0.0.jar at file:///opt/bitnami/spark/.ivy2/jars/org.apache.spark_spark-token-provider-kafka-0-10_2.12-3.0.0.jar with timestamp 1633901725858
21/10/10 21:35:27 INFO Utils: Copying /opt/bitnami/spark/.ivy2/jars/org.apache.spark_spark-token-provider-kafka-0-10_2.12-3.0.0.jar to /tmp/spark-9fd91a56-1fc6-4f65-96fe-5b40f14fbcbe/userFiles-78c5a8d4-d87f-4f13-ba0e-0e33974821f7/org.apache.spark_spark-token-provider-kafka-0-10_2.12-3.0.0.jar
21/10/10 21:35:27 INFO SparkContext: Added file file:///opt/bitnami/spark/.ivy2/jars/org.apache.kafka_kafka-clients-2.4.1.jar at file:///opt/bitnami/spark/.ivy2/jars/org.apache.kafka_kafka-clients-2.4.1.jar with timestamp 1633901725858
21/10/10 21:35:27 INFO Utils: Copying /opt/bitnami/spark/.ivy2/jars/org.apache.kafka_kafka-clients-2.4.1.jar to /tmp/spark-9fd91a56-1fc6-4f65-96fe-5b40f14fbcbe/userFiles-78c5a8d4-d87f-4f13-ba0e-0e33974821f7/org.apache.kafka_kafka-clients-2.4.1.jar
21/10/10 21:35:27 INFO SparkContext: Added file file:///opt/bitnami/spark/.ivy2/jars/org.apache.commons_commons-pool2-2.6.2.jar at file:///opt/bitnami/spark/.ivy2/jars/org.apache.commons_commons-pool2-2.6.2.jar with timestamp 1633901725858
21/10/10 21:35:27 INFO Utils: Copying /opt/bitnami/spark/.ivy2/jars/org.apache.commons_commons-pool2-2.6.2.jar to /tmp/spark-9fd91a56-1fc6-4f65-96fe-5b40f14fbcbe/userFiles-78c5a8d4-d87f-4f13-ba0e-0e33974821f7/org.apache.commons_commons-pool2-2.6.2.jar
21/10/10 21:35:27 INFO SparkContext: Added file file:///opt/bitnami/spark/.ivy2/jars/org.spark-project.spark_unused-1.0.0.jar at file:///opt/bitnami/spark/.ivy2/jars/org.spark-project.spark_unused-1.0.0.jar with timestamp 1633901725858
21/10/10 21:35:27 INFO Utils: Copying /opt/bitnami/spark/.ivy2/jars/org.spark-project.spark_unused-1.0.0.jar to /tmp/spark-9fd91a56-1fc6-4f65-96fe-5b40f14fbcbe/userFiles-78c5a8d4-d87f-4f13-ba0e-0e33974821f7/org.spark-project.spark_unused-1.0.0.jar
21/10/10 21:35:27 INFO SparkContext: Added file file:///opt/bitnami/spark/.ivy2/jars/com.github.luben_zstd-jni-1.4.4-3.jar at file:///opt/bitnami/spark/.ivy2/jars/com.github.luben_zstd-jni-1.4.4-3.jar with timestamp 1633901725858
21/10/10 21:35:27 INFO Utils: Copying /opt/bitnami/spark/.ivy2/jars/com.github.luben_zstd-jni-1.4.4-3.jar to /tmp/spark-9fd91a56-1fc6-4f65-96fe-5b40f14fbcbe/userFiles-78c5a8d4-d87f-4f13-ba0e-0e33974821f7/com.github.luben_zstd-jni-1.4.4-3.jar
21/10/10 21:35:27 INFO SparkContext: Added file file:///opt/bitnami/spark/.ivy2/jars/org.lz4_lz4-java-1.7.1.jar at file:///opt/bitnami/spark/.ivy2/jars/org.lz4_lz4-java-1.7.1.jar with timestamp 1633901725858
21/10/10 21:35:27 INFO Utils: Copying /opt/bitnami/spark/.ivy2/jars/org.lz4_lz4-java-1.7.1.jar to /tmp/spark-9fd91a56-1fc6-4f65-96fe-5b40f14fbcbe/userFiles-78c5a8d4-d87f-4f13-ba0e-0e33974821f7/org.lz4_lz4-java-1.7.1.jar
21/10/10 21:35:27 INFO SparkContext: Added file file:///opt/bitnami/spark/.ivy2/jars/org.xerial.snappy_snappy-java-1.1.7.5.jar at file:///opt/bitnami/spark/.ivy2/jars/org.xerial.snappy_snappy-java-1.1.7.5.jar with timestamp 1633901725858
21/10/10 21:35:27 INFO Utils: Copying /opt/bitnami/spark/.ivy2/jars/org.xerial.snappy_snappy-java-1.1.7.5.jar to /tmp/spark-9fd91a56-1fc6-4f65-96fe-5b40f14fbcbe/userFiles-78c5a8d4-d87f-4f13-ba0e-0e33974821f7/org.xerial.snappy_snappy-java-1.1.7.5.jar
21/10/10 21:35:27 INFO SparkContext: Added file file:///opt/bitnami/spark/.ivy2/jars/org.slf4j_slf4j-api-1.7.30.jar at file:///opt/bitnami/spark/.ivy2/jars/org.slf4j_slf4j-api-1.7.30.jar with timestamp 1633901725858
21/10/10 21:35:27 INFO Utils: Copying /opt/bitnami/spark/.ivy2/jars/org.slf4j_slf4j-api-1.7.30.jar to /tmp/spark-9fd91a56-1fc6-4f65-96fe-5b40f14fbcbe/userFiles-78c5a8d4-d87f-4f13-ba0e-0e33974821f7/org.slf4j_slf4j-api-1.7.30.jar
21/10/10 21:35:27 INFO Executor: Starting executor ID driver on host 54198b698385
21/10/10 21:35:27 INFO Executor: Fetching file:///opt/bitnami/spark/.ivy2/jars/org.apache.spark_spark-token-provider-kafka-0-10_2.12-3.0.0.jar with timestamp 1633901725858
21/10/10 21:35:27 INFO Utils: /opt/bitnami/spark/.ivy2/jars/org.apache.spark_spark-token-provider-kafka-0-10_2.12-3.0.0.jar has been previously copied to /tmp/spark-9fd91a56-1fc6-4f65-96fe-5b40f14fbcbe/userFiles-78c5a8d4-d87f-4f13-ba0e-0e33974821f7/org.apache.spark_spark-token-provider-kafka-0-10_2.12-3.0.0.jar
21/10/10 21:35:27 INFO Executor: Fetching file:///opt/bitnami/spark/.ivy2/jars/com.github.luben_zstd-jni-1.4.4-3.jar with timestamp 1633901725858
21/10/10 21:35:27 INFO Utils: /opt/bitnami/spark/.ivy2/jars/com.github.luben_zstd-jni-1.4.4-3.jar has been previously copied to /tmp/spark-9fd91a56-1fc6-4f65-96fe-5b40f14fbcbe/userFiles-78c5a8d4-d87f-4f13-ba0e-0e33974821f7/com.github.luben_zstd-jni-1.4.4-3.jar
21/10/10 21:35:27 INFO Executor: Fetching file:///opt/bitnami/spark/.ivy2/jars/org.xerial.snappy_snappy-java-1.1.7.5.jar with timestamp 1633901725858
21/10/10 21:35:27 INFO Utils: /opt/bitnami/spark/.ivy2/jars/org.xerial.snappy_snappy-java-1.1.7.5.jar has been previously copied to /tmp/spark-9fd91a56-1fc6-4f65-96fe-5b40f14fbcbe/userFiles-78c5a8d4-d87f-4f13-ba0e-0e33974821f7/org.xerial.snappy_snappy-java-1.1.7.5.jar
21/10/10 21:35:27 INFO Executor: Fetching file:///opt/bitnami/spark/.ivy2/jars/org.apache.kafka_kafka-clients-2.4.1.jar with timestamp 1633901725858
21/10/10 21:35:27 INFO Utils: /opt/bitnami/spark/.ivy2/jars/org.apache.kafka_kafka-clients-2.4.1.jar has been previously copied to /tmp/spark-9fd91a56-1fc6-4f65-96fe-5b40f14fbcbe/userFiles-78c5a8d4-d87f-4f13-ba0e-0e33974821f7/org.apache.kafka_kafka-clients-2.4.1.jar
21/10/10 21:35:27 INFO Executor: Fetching file:///opt/bitnami/spark/.ivy2/jars/org.apache.spark_spark-sql-kafka-0-10_2.12-3.0.0.jar with timestamp 1633901725858
21/10/10 21:35:27 INFO Utils: /opt/bitnami/spark/.ivy2/jars/org.apache.spark_spark-sql-kafka-0-10_2.12-3.0.0.jar has been previously copied to /tmp/spark-9fd91a56-1fc6-4f65-96fe-5b40f14fbcbe/userFiles-78c5a8d4-d87f-4f13-ba0e-0e33974821f7/org.apache.spark_spark-sql-kafka-0-10_2.12-3.0.0.jar
21/10/10 21:35:27 INFO Executor: Fetching file:///opt/bitnami/spark/.ivy2/jars/org.apache.commons_commons-pool2-2.6.2.jar with timestamp 1633901725858
21/10/10 21:35:27 INFO Utils: /opt/bitnami/spark/.ivy2/jars/org.apache.commons_commons-pool2-2.6.2.jar has been previously copied to /tmp/spark-9fd91a56-1fc6-4f65-96fe-5b40f14fbcbe/userFiles-78c5a8d4-d87f-4f13-ba0e-0e33974821f7/org.apache.commons_commons-pool2-2.6.2.jar
21/10/10 21:35:27 INFO Executor: Fetching file:///opt/bitnami/spark/.ivy2/jars/org.spark-project.spark_unused-1.0.0.jar with timestamp 1633901725858
21/10/10 21:35:27 INFO Utils: /opt/bitnami/spark/.ivy2/jars/org.spark-project.spark_unused-1.0.0.jar has been previously copied to /tmp/spark-9fd91a56-1fc6-4f65-96fe-5b40f14fbcbe/userFiles-78c5a8d4-d87f-4f13-ba0e-0e33974821f7/org.spark-project.spark_unused-1.0.0.jar
21/10/10 21:35:27 INFO Executor: Fetching file:///opt/bitnami/spark/.ivy2/jars/org.lz4_lz4-java-1.7.1.jar with timestamp 1633901725858
21/10/10 21:35:27 INFO Utils: /opt/bitnami/spark/.ivy2/jars/org.lz4_lz4-java-1.7.1.jar has been previously copied to /tmp/spark-9fd91a56-1fc6-4f65-96fe-5b40f14fbcbe/userFiles-78c5a8d4-d87f-4f13-ba0e-0e33974821f7/org.lz4_lz4-java-1.7.1.jar
21/10/10 21:35:27 INFO Executor: Fetching file:///opt/bitnami/spark/.ivy2/jars/org.slf4j_slf4j-api-1.7.30.jar with timestamp 1633901725858
21/10/10 21:35:27 INFO Utils: /opt/bitnami/spark/.ivy2/jars/org.slf4j_slf4j-api-1.7.30.jar has been previously copied to /tmp/spark-9fd91a56-1fc6-4f65-96fe-5b40f14fbcbe/userFiles-78c5a8d4-d87f-4f13-ba0e-0e33974821f7/org.slf4j_slf4j-api-1.7.30.jar
21/10/10 21:35:27 INFO Executor: Fetching spark://54198b698385:43367/jars/com.github.luben_zstd-jni-1.4.4-3.jar with timestamp 1633901725858
21/10/10 21:35:27 INFO TransportClientFactory: Successfully created connection to 54198b698385/172.21.0.5:43367 after 52 ms (0 ms spent in bootstraps)
21/10/10 21:35:27 INFO Utils: Fetching spark://54198b698385:43367/jars/com.github.luben_zstd-jni-1.4.4-3.jar to /tmp/spark-9fd91a56-1fc6-4f65-96fe-5b40f14fbcbe/userFiles-78c5a8d4-d87f-4f13-ba0e-0e33974821f7/fetchFileTemp5380235083892498188.tmp
21/10/10 21:35:27 INFO Utils: /tmp/spark-9fd91a56-1fc6-4f65-96fe-5b40f14fbcbe/userFiles-78c5a8d4-d87f-4f13-ba0e-0e33974821f7/fetchFileTemp5380235083892498188.tmp has been previously copied to /tmp/spark-9fd91a56-1fc6-4f65-96fe-5b40f14fbcbe/userFiles-78c5a8d4-d87f-4f13-ba0e-0e33974821f7/com.github.luben_zstd-jni-1.4.4-3.jar
21/10/10 21:35:27 INFO Executor: Adding file:/tmp/spark-9fd91a56-1fc6-4f65-96fe-5b40f14fbcbe/userFiles-78c5a8d4-d87f-4f13-ba0e-0e33974821f7/com.github.luben_zstd-jni-1.4.4-3.jar to class loader
21/10/10 21:35:27 INFO Executor: Fetching spark://54198b698385:43367/jars/org.apache.kafka_kafka-clients-2.4.1.jar with timestamp 1633901725858
21/10/10 21:35:27 INFO Utils: Fetching spark://54198b698385:43367/jars/org.apache.kafka_kafka-clients-2.4.1.jar to /tmp/spark-9fd91a56-1fc6-4f65-96fe-5b40f14fbcbe/userFiles-78c5a8d4-d87f-4f13-ba0e-0e33974821f7/fetchFileTemp9023218683257868141.tmp
21/10/10 21:35:27 INFO Utils: /tmp/spark-9fd91a56-1fc6-4f65-96fe-5b40f14fbcbe/userFiles-78c5a8d4-d87f-4f13-ba0e-0e33974821f7/fetchFileTemp9023218683257868141.tmp has been previously copied to /tmp/spark-9fd91a56-1fc6-4f65-96fe-5b40f14fbcbe/userFiles-78c5a8d4-d87f-4f13-ba0e-0e33974821f7/org.apache.kafka_kafka-clients-2.4.1.jar
21/10/10 21:35:27 INFO Executor: Adding file:/tmp/spark-9fd91a56-1fc6-4f65-96fe-5b40f14fbcbe/userFiles-78c5a8d4-d87f-4f13-ba0e-0e33974821f7/org.apache.kafka_kafka-clients-2.4.1.jar to class loader
21/10/10 21:35:27 INFO Executor: Fetching spark://54198b698385:43367/jars/org.apache.commons_commons-pool2-2.6.2.jar with timestamp 1633901725858
21/10/10 21:35:27 INFO Utils: Fetching spark://54198b698385:43367/jars/org.apache.commons_commons-pool2-2.6.2.jar to /tmp/spark-9fd91a56-1fc6-4f65-96fe-5b40f14fbcbe/userFiles-78c5a8d4-d87f-4f13-ba0e-0e33974821f7/fetchFileTemp7002091604758321332.tmp
21/10/10 21:35:27 INFO Utils: /tmp/spark-9fd91a56-1fc6-4f65-96fe-5b40f14fbcbe/userFiles-78c5a8d4-d87f-4f13-ba0e-0e33974821f7/fetchFileTemp7002091604758321332.tmp has been previously copied to /tmp/spark-9fd91a56-1fc6-4f65-96fe-5b40f14fbcbe/userFiles-78c5a8d4-d87f-4f13-ba0e-0e33974821f7/org.apache.commons_commons-pool2-2.6.2.jar
21/10/10 21:35:27 INFO Executor: Adding file:/tmp/spark-9fd91a56-1fc6-4f65-96fe-5b40f14fbcbe/userFiles-78c5a8d4-d87f-4f13-ba0e-0e33974821f7/org.apache.commons_commons-pool2-2.6.2.jar to class loader
21/10/10 21:35:27 INFO Executor: Fetching spark://54198b698385:43367/jars/org.lz4_lz4-java-1.7.1.jar with timestamp 1633901725858
21/10/10 21:35:27 INFO Utils: Fetching spark://54198b698385:43367/jars/org.lz4_lz4-java-1.7.1.jar to /tmp/spark-9fd91a56-1fc6-4f65-96fe-5b40f14fbcbe/userFiles-78c5a8d4-d87f-4f13-ba0e-0e33974821f7/fetchFileTemp5991460078280990196.tmp
21/10/10 21:35:27 INFO Utils: /tmp/spark-9fd91a56-1fc6-4f65-96fe-5b40f14fbcbe/userFiles-78c5a8d4-d87f-4f13-ba0e-0e33974821f7/fetchFileTemp5991460078280990196.tmp has been previously copied to /tmp/spark-9fd91a56-1fc6-4f65-96fe-5b40f14fbcbe/userFiles-78c5a8d4-d87f-4f13-ba0e-0e33974821f7/org.lz4_lz4-java-1.7.1.jar
21/10/10 21:35:27 INFO Executor: Adding file:/tmp/spark-9fd91a56-1fc6-4f65-96fe-5b40f14fbcbe/userFiles-78c5a8d4-d87f-4f13-ba0e-0e33974821f7/org.lz4_lz4-java-1.7.1.jar to class loader
21/10/10 21:35:27 INFO Executor: Fetching spark://54198b698385:43367/jars/org.xerial.snappy_snappy-java-1.1.7.5.jar with timestamp 1633901725858
21/10/10 21:35:27 INFO Utils: Fetching spark://54198b698385:43367/jars/org.xerial.snappy_snappy-java-1.1.7.5.jar to /tmp/spark-9fd91a56-1fc6-4f65-96fe-5b40f14fbcbe/userFiles-78c5a8d4-d87f-4f13-ba0e-0e33974821f7/fetchFileTemp952156083167428218.tmp
21/10/10 21:35:27 INFO Utils: /tmp/spark-9fd91a56-1fc6-4f65-96fe-5b40f14fbcbe/userFiles-78c5a8d4-d87f-4f13-ba0e-0e33974821f7/fetchFileTemp952156083167428218.tmp has been previously copied to /tmp/spark-9fd91a56-1fc6-4f65-96fe-5b40f14fbcbe/userFiles-78c5a8d4-d87f-4f13-ba0e-0e33974821f7/org.xerial.snappy_snappy-java-1.1.7.5.jar
21/10/10 21:35:27 INFO Executor: Adding file:/tmp/spark-9fd91a56-1fc6-4f65-96fe-5b40f14fbcbe/userFiles-78c5a8d4-d87f-4f13-ba0e-0e33974821f7/org.xerial.snappy_snappy-java-1.1.7.5.jar to class loader
21/10/10 21:35:27 INFO Executor: Fetching spark://54198b698385:43367/jars/org.spark-project.spark_unused-1.0.0.jar with timestamp 1633901725858
21/10/10 21:35:27 INFO Utils: Fetching spark://54198b698385:43367/jars/org.spark-project.spark_unused-1.0.0.jar to /tmp/spark-9fd91a56-1fc6-4f65-96fe-5b40f14fbcbe/userFiles-78c5a8d4-d87f-4f13-ba0e-0e33974821f7/fetchFileTemp150552751425633511.tmp
21/10/10 21:35:27 INFO Utils: /tmp/spark-9fd91a56-1fc6-4f65-96fe-5b40f14fbcbe/userFiles-78c5a8d4-d87f-4f13-ba0e-0e33974821f7/fetchFileTemp150552751425633511.tmp has been previously copied to /tmp/spark-9fd91a56-1fc6-4f65-96fe-5b40f14fbcbe/userFiles-78c5a8d4-d87f-4f13-ba0e-0e33974821f7/org.spark-project.spark_unused-1.0.0.jar
21/10/10 21:35:27 INFO Executor: Adding file:/tmp/spark-9fd91a56-1fc6-4f65-96fe-5b40f14fbcbe/userFiles-78c5a8d4-d87f-4f13-ba0e-0e33974821f7/org.spark-project.spark_unused-1.0.0.jar to class loader
21/10/10 21:35:27 INFO Executor: Fetching spark://54198b698385:43367/jars/org.slf4j_slf4j-api-1.7.30.jar with timestamp 1633901725858
21/10/10 21:35:27 INFO Utils: Fetching spark://54198b698385:43367/jars/org.slf4j_slf4j-api-1.7.30.jar to /tmp/spark-9fd91a56-1fc6-4f65-96fe-5b40f14fbcbe/userFiles-78c5a8d4-d87f-4f13-ba0e-0e33974821f7/fetchFileTemp4681404698591307443.tmp
21/10/10 21:35:27 INFO Utils: /tmp/spark-9fd91a56-1fc6-4f65-96fe-5b40f14fbcbe/userFiles-78c5a8d4-d87f-4f13-ba0e-0e33974821f7/fetchFileTemp4681404698591307443.tmp has been previously copied to /tmp/spark-9fd91a56-1fc6-4f65-96fe-5b40f14fbcbe/userFiles-78c5a8d4-d87f-4f13-ba0e-0e33974821f7/org.slf4j_slf4j-api-1.7.30.jar
21/10/10 21:35:27 INFO Executor: Adding file:/tmp/spark-9fd91a56-1fc6-4f65-96fe-5b40f14fbcbe/userFiles-78c5a8d4-d87f-4f13-ba0e-0e33974821f7/org.slf4j_slf4j-api-1.7.30.jar to class loader
21/10/10 21:35:27 INFO Executor: Fetching spark://54198b698385:43367/jars/org.apache.spark_spark-token-provider-kafka-0-10_2.12-3.0.0.jar with timestamp 1633901725858
21/10/10 21:35:27 INFO Utils: Fetching spark://54198b698385:43367/jars/org.apache.spark_spark-token-provider-kafka-0-10_2.12-3.0.0.jar to /tmp/spark-9fd91a56-1fc6-4f65-96fe-5b40f14fbcbe/userFiles-78c5a8d4-d87f-4f13-ba0e-0e33974821f7/fetchFileTemp2232741150824586900.tmp
21/10/10 21:35:27 INFO Utils: /tmp/spark-9fd91a56-1fc6-4f65-96fe-5b40f14fbcbe/userFiles-78c5a8d4-d87f-4f13-ba0e-0e33974821f7/fetchFileTemp2232741150824586900.tmp has been previously copied to /tmp/spark-9fd91a56-1fc6-4f65-96fe-5b40f14fbcbe/userFiles-78c5a8d4-d87f-4f13-ba0e-0e33974821f7/org.apache.spark_spark-token-provider-kafka-0-10_2.12-3.0.0.jar
21/10/10 21:35:27 INFO Executor: Adding file:/tmp/spark-9fd91a56-1fc6-4f65-96fe-5b40f14fbcbe/userFiles-78c5a8d4-d87f-4f13-ba0e-0e33974821f7/org.apache.spark_spark-token-provider-kafka-0-10_2.12-3.0.0.jar to class loader
21/10/10 21:35:27 INFO Executor: Fetching spark://54198b698385:43367/jars/org.apache.spark_spark-sql-kafka-0-10_2.12-3.0.0.jar with timestamp 1633901725858
21/10/10 21:35:27 INFO Utils: Fetching spark://54198b698385:43367/jars/org.apache.spark_spark-sql-kafka-0-10_2.12-3.0.0.jar to /tmp/spark-9fd91a56-1fc6-4f65-96fe-5b40f14fbcbe/userFiles-78c5a8d4-d87f-4f13-ba0e-0e33974821f7/fetchFileTemp1982196405376836994.tmp
21/10/10 21:35:27 INFO Utils: /tmp/spark-9fd91a56-1fc6-4f65-96fe-5b40f14fbcbe/userFiles-78c5a8d4-d87f-4f13-ba0e-0e33974821f7/fetchFileTemp1982196405376836994.tmp has been previously copied to /tmp/spark-9fd91a56-1fc6-4f65-96fe-5b40f14fbcbe/userFiles-78c5a8d4-d87f-4f13-ba0e-0e33974821f7/org.apache.spark_spark-sql-kafka-0-10_2.12-3.0.0.jar
21/10/10 21:35:27 INFO Executor: Adding file:/tmp/spark-9fd91a56-1fc6-4f65-96fe-5b40f14fbcbe/userFiles-78c5a8d4-d87f-4f13-ba0e-0e33974821f7/org.apache.spark_spark-sql-kafka-0-10_2.12-3.0.0.jar to class loader
21/10/10 21:35:27 INFO Utils: Successfully started service 'org.apache.spark.network.netty.NettyBlockTransferService' on port 34483.
21/10/10 21:35:27 INFO NettyBlockTransferService: Server created on 54198b698385:34483
21/10/10 21:35:27 INFO BlockManager: Using org.apache.spark.storage.RandomBlockReplicationPolicy for block replication policy
21/10/10 21:35:27 INFO BlockManagerMaster: Registering BlockManager BlockManagerId(driver, 54198b698385, 34483, None)
21/10/10 21:35:27 INFO BlockManagerMasterEndpoint: Registering block manager 54198b698385:34483 with 366.3 MiB RAM, BlockManagerId(driver, 54198b698385, 34483, None)
21/10/10 21:35:27 INFO BlockManagerMaster: Registered BlockManager BlockManagerId(driver, 54198b698385, 34483, None)
21/10/10 21:35:27 INFO BlockManager: Initialized BlockManager: BlockManagerId(driver, 54198b698385, 34483, None)
21/10/10 21:35:28 INFO SharedState: Setting hive.metastore.warehouse.dir ('null') to the value of spark.sql.warehouse.dir ('file:/opt/bitnami/spark/spark-warehouse').
21/10/10 21:35:28 INFO SharedState: Warehouse path is 'file:/opt/bitnami/spark/spark-warehouse'.
21/10/10 21:35:32 ERROR MicroBatchExecution: Query [id = e178aff2-62b4-4fb3-a246-a283d917e2f7, runId = a9e8590f-403e-4d02-9e08-31d996d6e4ca] terminated with error
java.lang.NoClassDefFoundError: org/apache/spark/sql/internal/connector/SupportsStreamingUpdate
	at java.lang.ClassLoader.defineClass1(Native Method)
	at java.lang.ClassLoader.defineClass(ClassLoader.java:756)
	at java.security.SecureClassLoader.defineClass(SecureClassLoader.java:142)
	at java.net.URLClassLoader.defineClass(URLClassLoader.java:468)
	at java.net.URLClassLoader.access$100(URLClassLoader.java:74)
	at java.net.URLClassLoader$1.run(URLClassLoader.java:369)
	at java.net.URLClassLoader$1.run(URLClassLoader.java:363)
	at java.security.AccessController.doPrivileged(Native Method)
	at java.net.URLClassLoader.findClass(URLClassLoader.java:362)
	at java.lang.ClassLoader.loadClass(ClassLoader.java:418)
	at java.lang.ClassLoader.loadClass(ClassLoader.java:351)
	at org.apache.spark.sql.kafka010.KafkaSourceProvider$KafkaTable.newWriteBuilder(KafkaSourceProvider.scala:397)
	at org.apache.spark.sql.execution.streaming.StreamExecution.createStreamingWrite(StreamExecution.scala:622)
	at org.apache.spark.sql.execution.streaming.MicroBatchExecution.logicalPlan$lzycompute(MicroBatchExecution.scala:144)
	at org.apache.spark.sql.execution.streaming.MicroBatchExecution.logicalPlan(MicroBatchExecution.scala:62)
	at org.apache.spark.sql.execution.streaming.StreamExecution.$anonfun$runStream$1(StreamExecution.scala:326)
	at scala.runtime.java8.JFunction0$mcV$sp.apply(JFunction0$mcV$sp.java:23)
	at org.apache.spark.sql.SparkSession.withActive(SparkSession.scala:775)
	at org.apache.spark.sql.execution.streaming.StreamExecution.org$apache$spark$sql$execution$streaming$StreamExecution$$runStream(StreamExecution.scala:317)
	at org.apache.spark.sql.execution.streaming.StreamExecution$$anon$1.run(StreamExecution.scala:244)
Caused by: java.lang.ClassNotFoundException: org.apache.spark.sql.internal.connector.SupportsStreamingUpdate
	at java.net.URLClassLoader.findClass(URLClassLoader.java:382)
	at java.lang.ClassLoader.loadClass(ClassLoader.java:418)
	at java.lang.ClassLoader.loadClass(ClassLoader.java:351)
	... 20 more
Exception in thread "stream execution thread for [id = e178aff2-62b4-4fb3-a246-a283d917e2f7, runId = a9e8590f-403e-4d02-9e08-31d996d6e4ca]" java.lang.NoClassDefFoundError: org/apache/spark/sql/internal/connector/SupportsStreamingUpdate
	at java.lang.ClassLoader.defineClass1(Native Method)
	at java.lang.ClassLoader.defineClass(ClassLoader.java:756)
	at java.security.SecureClassLoader.defineClass(SecureClassLoader.java:142)
	at java.net.URLClassLoader.defineClass(URLClassLoader.java:468)
	at java.net.URLClassLoader.access$100(URLClassLoader.java:74)
	at java.net.URLClassLoader$1.run(URLClassLoader.java:369)
	at java.net.URLClassLoader$1.run(URLClassLoader.java:363)
	at java.security.AccessController.doPrivileged(Native Method)
	at java.net.URLClassLoader.findClass(URLClassLoader.java:362)
	at java.lang.ClassLoader.loadClass(ClassLoader.java:418)
	at java.lang.ClassLoader.loadClass(ClassLoader.java:351)
	at org.apache.spark.sql.kafka010.KafkaSourceProvider$KafkaTable.newWriteBuilder(KafkaSourceProvider.scala:397)
	at org.apache.spark.sql.execution.streaming.StreamExecution.createStreamingWrite(StreamExecution.scala:622)
	at org.apache.spark.sql.execution.streaming.MicroBatchExecution.logicalPlan$lzycompute(MicroBatchExecution.scala:144)
	at org.apache.spark.sql.execution.streaming.MicroBatchExecution.logicalPlan(MicroBatchExecution.scala:62)
	at org.apache.spark.sql.execution.streaming.StreamExecution.$anonfun$runStream$1(StreamExecution.scala:326)
	at scala.runtime.java8.JFunction0$mcV$sp.apply(JFunction0$mcV$sp.java:23)
	at org.apache.spark.sql.SparkSession.withActive(SparkSession.scala:775)
	at org.apache.spark.sql.execution.streaming.StreamExecution.org$apache$spark$sql$execution$streaming$StreamExecution$$runStream(StreamExecution.scala:317)
	at org.apache.spark.sql.execution.streaming.StreamExecution$$anon$1.run(StreamExecution.scala:244)
Caused by: java.lang.ClassNotFoundException: org.apache.spark.sql.internal.connector.SupportsStreamingUpdate
	at java.net.URLClassLoader.findClass(URLClassLoader.java:382)
	at java.lang.ClassLoader.loadClass(ClassLoader.java:418)
	at java.lang.ClassLoader.loadClass(ClassLoader.java:351)
	... 20 more
Traceback (most recent call last):
  File "/home/workspace/project/starter/sparkpykafkajoin.py", line 92, in <module>
    .option("failOnDataLoss", "false").start().awaitTermination()
  File "/opt/bitnami/spark/python/lib/pyspark.zip/pyspark/sql/streaming.py", line 101, in awaitTermination
  File "/opt/bitnami/spark/python/lib/py4j-0.10.9-src.zip/py4j/java_gateway.py", line 1305, in __call__
  File "/opt/bitnami/spark/python/lib/pyspark.zip/pyspark/sql/utils.py", line 117, in deco
pyspark.sql.utils.StreamingQueryException: org/apache/spark/sql/internal/connector/SupportsStreamingUpdate
=== Streaming Query ===
Identifier: [id = e178aff2-62b4-4fb3-a246-a283d917e2f7, runId = a9e8590f-403e-4d02-9e08-31d996d6e4ca]
Current Committed Offsets: {}
Current Available Offsets: {}

Current State: INITIALIZING
Thread State: RUNNABLE
