:: loading settings :: url = jar:file:/opt/bitnami/spark/jars/ivy-2.4.0.jar!/org/apache/ivy/core/settings/ivysettings.xml
Ivy Default Cache set to: /opt/bitnami/spark/.ivy2/cache
The jars for the packages stored in: /opt/bitnami/spark/.ivy2/jars
org.apache.spark#spark-sql-kafka-0-10_2.12 added as a dependency
:: resolving dependencies :: org.apache.spark#spark-submit-parent-7119f10d-4293-4e4f-87d3-e9ab8fc65c78;1.0
	confs: [default]
	found org.apache.spark#spark-sql-kafka-0-10_2.12;3.0.0 in central
	found org.apache.spark#spark-token-provider-kafka-0-10_2.12;3.0.0 in central
	found org.apache.kafka#kafka-clients;2.4.1 in central
	found com.github.luben#zstd-jni;1.4.4-3 in central
	found org.lz4#lz4-java;1.7.1 in central
	found org.xerial.snappy#snappy-java;1.1.7.5 in central
	found org.slf4j#slf4j-api;1.7.30 in central
	found org.spark-project.spark#unused;1.0.0 in central
	found org.apache.commons#commons-pool2;2.6.2 in central
:: resolution report :: resolve 744ms :: artifacts dl 55ms
	:: modules in use:
	com.github.luben#zstd-jni;1.4.4-3 from central in [default]
	org.apache.commons#commons-pool2;2.6.2 from central in [default]
	org.apache.kafka#kafka-clients;2.4.1 from central in [default]
	org.apache.spark#spark-sql-kafka-0-10_2.12;3.0.0 from central in [default]
	org.apache.spark#spark-token-provider-kafka-0-10_2.12;3.0.0 from central in [default]
	org.lz4#lz4-java;1.7.1 from central in [default]
	org.slf4j#slf4j-api;1.7.30 from central in [default]
	org.spark-project.spark#unused;1.0.0 from central in [default]
	org.xerial.snappy#snappy-java;1.1.7.5 from central in [default]
	---------------------------------------------------------------------
	|                  |            modules            ||   artifacts   |
	|       conf       | number| search|dwnlded|evicted|| number|dwnlded|
	---------------------------------------------------------------------
	|      default     |   9   |   0   |   0   |   0   ||   9   |   0   |
	---------------------------------------------------------------------
:: retrieving :: org.apache.spark#spark-submit-parent-7119f10d-4293-4e4f-87d3-e9ab8fc65c78
	confs: [default]
	0 artifacts copied, 9 already retrieved (0kB/18ms)
21/10/10 20:32:16 WARN NativeCodeLoader: Unable to load native-hadoop library for your platform... using builtin-java classes where applicable
Using Spark's default log4j profile: org/apache/spark/log4j-defaults.properties
21/10/10 20:32:17 INFO SparkContext: Running Spark version 3.1.2
21/10/10 20:32:17 INFO ResourceUtils: ==============================================================
21/10/10 20:32:17 INFO ResourceUtils: No custom resources configured for spark.driver.
21/10/10 20:32:17 INFO ResourceUtils: ==============================================================
21/10/10 20:32:17 INFO SparkContext: Submitted application: Job2
21/10/10 20:32:17 INFO ResourceProfile: Default ResourceProfile created, executor resources: Map(cores -> name: cores, amount: 1, script: , vendor: , memory -> name: memory, amount: 1024, script: , vendor: , offHeap -> name: offHeap, amount: 0, script: , vendor: ), task resources: Map(cpus -> name: cpus, amount: 1.0)
21/10/10 20:32:17 INFO ResourceProfile: Limiting resource is cpu
21/10/10 20:32:17 INFO ResourceProfileManager: Added ResourceProfile id: 0
21/10/10 20:32:17 INFO SecurityManager: Changing view acls to: spark
21/10/10 20:32:17 INFO SecurityManager: Changing modify acls to: spark
21/10/10 20:32:17 INFO SecurityManager: Changing view acls groups to: 
21/10/10 20:32:17 INFO SecurityManager: Changing modify acls groups to: 
21/10/10 20:32:17 INFO SecurityManager: SecurityManager: authentication disabled; ui acls disabled; users  with view permissions: Set(spark); groups with view permissions: Set(); users  with modify permissions: Set(spark); groups with modify permissions: Set()
21/10/10 20:32:17 INFO Utils: Successfully started service 'sparkDriver' on port 33113.
21/10/10 20:32:17 INFO SparkEnv: Registering MapOutputTracker
21/10/10 20:32:17 INFO SparkEnv: Registering BlockManagerMaster
21/10/10 20:32:17 INFO BlockManagerMasterEndpoint: Using org.apache.spark.storage.DefaultTopologyMapper for getting topology information
21/10/10 20:32:17 INFO BlockManagerMasterEndpoint: BlockManagerMasterEndpoint up
21/10/10 20:32:17 INFO SparkEnv: Registering BlockManagerMasterHeartbeat
21/10/10 20:32:17 INFO DiskBlockManager: Created local directory at /tmp/blockmgr-c04437dd-86aa-4053-aa85-a57611d1f1e9
21/10/10 20:32:17 INFO MemoryStore: MemoryStore started with capacity 366.3 MiB
21/10/10 20:32:17 INFO SparkEnv: Registering OutputCommitCoordinator
21/10/10 20:32:18 INFO Utils: Successfully started service 'SparkUI' on port 4040.
21/10/10 20:32:18 INFO SparkUI: Bound SparkUI to 0.0.0.0, and started at http://a9760481ca71:4040
21/10/10 20:32:18 INFO SparkContext: Added JAR file:///opt/bitnami/spark/.ivy2/jars/org.apache.spark_spark-sql-kafka-0-10_2.12-3.0.0.jar at spark://a9760481ca71:33113/jars/org.apache.spark_spark-sql-kafka-0-10_2.12-3.0.0.jar with timestamp 1633897937110
21/10/10 20:32:18 INFO SparkContext: Added JAR file:///opt/bitnami/spark/.ivy2/jars/org.apache.spark_spark-token-provider-kafka-0-10_2.12-3.0.0.jar at spark://a9760481ca71:33113/jars/org.apache.spark_spark-token-provider-kafka-0-10_2.12-3.0.0.jar with timestamp 1633897937110
21/10/10 20:32:18 INFO SparkContext: Added JAR file:///opt/bitnami/spark/.ivy2/jars/org.apache.kafka_kafka-clients-2.4.1.jar at spark://a9760481ca71:33113/jars/org.apache.kafka_kafka-clients-2.4.1.jar with timestamp 1633897937110
21/10/10 20:32:18 INFO SparkContext: Added JAR file:///opt/bitnami/spark/.ivy2/jars/org.apache.commons_commons-pool2-2.6.2.jar at spark://a9760481ca71:33113/jars/org.apache.commons_commons-pool2-2.6.2.jar with timestamp 1633897937110
21/10/10 20:32:18 INFO SparkContext: Added JAR file:///opt/bitnami/spark/.ivy2/jars/org.spark-project.spark_unused-1.0.0.jar at spark://a9760481ca71:33113/jars/org.spark-project.spark_unused-1.0.0.jar with timestamp 1633897937110
21/10/10 20:32:18 INFO SparkContext: Added JAR file:///opt/bitnami/spark/.ivy2/jars/com.github.luben_zstd-jni-1.4.4-3.jar at spark://a9760481ca71:33113/jars/com.github.luben_zstd-jni-1.4.4-3.jar with timestamp 1633897937110
21/10/10 20:32:18 INFO SparkContext: Added JAR file:///opt/bitnami/spark/.ivy2/jars/org.lz4_lz4-java-1.7.1.jar at spark://a9760481ca71:33113/jars/org.lz4_lz4-java-1.7.1.jar with timestamp 1633897937110
21/10/10 20:32:18 INFO SparkContext: Added JAR file:///opt/bitnami/spark/.ivy2/jars/org.xerial.snappy_snappy-java-1.1.7.5.jar at spark://a9760481ca71:33113/jars/org.xerial.snappy_snappy-java-1.1.7.5.jar with timestamp 1633897937110
21/10/10 20:32:18 INFO SparkContext: Added JAR file:///opt/bitnami/spark/.ivy2/jars/org.slf4j_slf4j-api-1.7.30.jar at spark://a9760481ca71:33113/jars/org.slf4j_slf4j-api-1.7.30.jar with timestamp 1633897937110
21/10/10 20:32:18 INFO SparkContext: Added file file:///opt/bitnami/spark/.ivy2/jars/org.apache.spark_spark-sql-kafka-0-10_2.12-3.0.0.jar at file:///opt/bitnami/spark/.ivy2/jars/org.apache.spark_spark-sql-kafka-0-10_2.12-3.0.0.jar with timestamp 1633897937110
21/10/10 20:32:18 INFO Utils: Copying /opt/bitnami/spark/.ivy2/jars/org.apache.spark_spark-sql-kafka-0-10_2.12-3.0.0.jar to /tmp/spark-5542c7de-108e-4347-ab41-a3c44a302f21/userFiles-410bc1cc-aa9b-4110-b94a-c00df582e797/org.apache.spark_spark-sql-kafka-0-10_2.12-3.0.0.jar
21/10/10 20:32:18 INFO SparkContext: Added file file:///opt/bitnami/spark/.ivy2/jars/org.apache.spark_spark-token-provider-kafka-0-10_2.12-3.0.0.jar at file:///opt/bitnami/spark/.ivy2/jars/org.apache.spark_spark-token-provider-kafka-0-10_2.12-3.0.0.jar with timestamp 1633897937110
21/10/10 20:32:18 INFO Utils: Copying /opt/bitnami/spark/.ivy2/jars/org.apache.spark_spark-token-provider-kafka-0-10_2.12-3.0.0.jar to /tmp/spark-5542c7de-108e-4347-ab41-a3c44a302f21/userFiles-410bc1cc-aa9b-4110-b94a-c00df582e797/org.apache.spark_spark-token-provider-kafka-0-10_2.12-3.0.0.jar
21/10/10 20:32:18 INFO SparkContext: Added file file:///opt/bitnami/spark/.ivy2/jars/org.apache.kafka_kafka-clients-2.4.1.jar at file:///opt/bitnami/spark/.ivy2/jars/org.apache.kafka_kafka-clients-2.4.1.jar with timestamp 1633897937110
21/10/10 20:32:18 INFO Utils: Copying /opt/bitnami/spark/.ivy2/jars/org.apache.kafka_kafka-clients-2.4.1.jar to /tmp/spark-5542c7de-108e-4347-ab41-a3c44a302f21/userFiles-410bc1cc-aa9b-4110-b94a-c00df582e797/org.apache.kafka_kafka-clients-2.4.1.jar
21/10/10 20:32:18 INFO SparkContext: Added file file:///opt/bitnami/spark/.ivy2/jars/org.apache.commons_commons-pool2-2.6.2.jar at file:///opt/bitnami/spark/.ivy2/jars/org.apache.commons_commons-pool2-2.6.2.jar with timestamp 1633897937110
21/10/10 20:32:18 INFO Utils: Copying /opt/bitnami/spark/.ivy2/jars/org.apache.commons_commons-pool2-2.6.2.jar to /tmp/spark-5542c7de-108e-4347-ab41-a3c44a302f21/userFiles-410bc1cc-aa9b-4110-b94a-c00df582e797/org.apache.commons_commons-pool2-2.6.2.jar
21/10/10 20:32:18 INFO SparkContext: Added file file:///opt/bitnami/spark/.ivy2/jars/org.spark-project.spark_unused-1.0.0.jar at file:///opt/bitnami/spark/.ivy2/jars/org.spark-project.spark_unused-1.0.0.jar with timestamp 1633897937110
21/10/10 20:32:18 INFO Utils: Copying /opt/bitnami/spark/.ivy2/jars/org.spark-project.spark_unused-1.0.0.jar to /tmp/spark-5542c7de-108e-4347-ab41-a3c44a302f21/userFiles-410bc1cc-aa9b-4110-b94a-c00df582e797/org.spark-project.spark_unused-1.0.0.jar
21/10/10 20:32:18 INFO SparkContext: Added file file:///opt/bitnami/spark/.ivy2/jars/com.github.luben_zstd-jni-1.4.4-3.jar at file:///opt/bitnami/spark/.ivy2/jars/com.github.luben_zstd-jni-1.4.4-3.jar with timestamp 1633897937110
21/10/10 20:32:18 INFO Utils: Copying /opt/bitnami/spark/.ivy2/jars/com.github.luben_zstd-jni-1.4.4-3.jar to /tmp/spark-5542c7de-108e-4347-ab41-a3c44a302f21/userFiles-410bc1cc-aa9b-4110-b94a-c00df582e797/com.github.luben_zstd-jni-1.4.4-3.jar
21/10/10 20:32:18 INFO SparkContext: Added file file:///opt/bitnami/spark/.ivy2/jars/org.lz4_lz4-java-1.7.1.jar at file:///opt/bitnami/spark/.ivy2/jars/org.lz4_lz4-java-1.7.1.jar with timestamp 1633897937110
21/10/10 20:32:18 INFO Utils: Copying /opt/bitnami/spark/.ivy2/jars/org.lz4_lz4-java-1.7.1.jar to /tmp/spark-5542c7de-108e-4347-ab41-a3c44a302f21/userFiles-410bc1cc-aa9b-4110-b94a-c00df582e797/org.lz4_lz4-java-1.7.1.jar
21/10/10 20:32:18 INFO SparkContext: Added file file:///opt/bitnami/spark/.ivy2/jars/org.xerial.snappy_snappy-java-1.1.7.5.jar at file:///opt/bitnami/spark/.ivy2/jars/org.xerial.snappy_snappy-java-1.1.7.5.jar with timestamp 1633897937110
21/10/10 20:32:18 INFO Utils: Copying /opt/bitnami/spark/.ivy2/jars/org.xerial.snappy_snappy-java-1.1.7.5.jar to /tmp/spark-5542c7de-108e-4347-ab41-a3c44a302f21/userFiles-410bc1cc-aa9b-4110-b94a-c00df582e797/org.xerial.snappy_snappy-java-1.1.7.5.jar
21/10/10 20:32:18 INFO SparkContext: Added file file:///opt/bitnami/spark/.ivy2/jars/org.slf4j_slf4j-api-1.7.30.jar at file:///opt/bitnami/spark/.ivy2/jars/org.slf4j_slf4j-api-1.7.30.jar with timestamp 1633897937110
21/10/10 20:32:18 INFO Utils: Copying /opt/bitnami/spark/.ivy2/jars/org.slf4j_slf4j-api-1.7.30.jar to /tmp/spark-5542c7de-108e-4347-ab41-a3c44a302f21/userFiles-410bc1cc-aa9b-4110-b94a-c00df582e797/org.slf4j_slf4j-api-1.7.30.jar
21/10/10 20:32:18 INFO Executor: Starting executor ID driver on host a9760481ca71
21/10/10 20:32:18 INFO Executor: Fetching file:///opt/bitnami/spark/.ivy2/jars/org.apache.spark_spark-token-provider-kafka-0-10_2.12-3.0.0.jar with timestamp 1633897937110
21/10/10 20:32:18 INFO Utils: /opt/bitnami/spark/.ivy2/jars/org.apache.spark_spark-token-provider-kafka-0-10_2.12-3.0.0.jar has been previously copied to /tmp/spark-5542c7de-108e-4347-ab41-a3c44a302f21/userFiles-410bc1cc-aa9b-4110-b94a-c00df582e797/org.apache.spark_spark-token-provider-kafka-0-10_2.12-3.0.0.jar
21/10/10 20:32:18 INFO Executor: Fetching file:///opt/bitnami/spark/.ivy2/jars/com.github.luben_zstd-jni-1.4.4-3.jar with timestamp 1633897937110
21/10/10 20:32:18 INFO Utils: /opt/bitnami/spark/.ivy2/jars/com.github.luben_zstd-jni-1.4.4-3.jar has been previously copied to /tmp/spark-5542c7de-108e-4347-ab41-a3c44a302f21/userFiles-410bc1cc-aa9b-4110-b94a-c00df582e797/com.github.luben_zstd-jni-1.4.4-3.jar
21/10/10 20:32:18 INFO Executor: Fetching file:///opt/bitnami/spark/.ivy2/jars/org.xerial.snappy_snappy-java-1.1.7.5.jar with timestamp 1633897937110
21/10/10 20:32:18 INFO Utils: /opt/bitnami/spark/.ivy2/jars/org.xerial.snappy_snappy-java-1.1.7.5.jar has been previously copied to /tmp/spark-5542c7de-108e-4347-ab41-a3c44a302f21/userFiles-410bc1cc-aa9b-4110-b94a-c00df582e797/org.xerial.snappy_snappy-java-1.1.7.5.jar
21/10/10 20:32:18 INFO Executor: Fetching file:///opt/bitnami/spark/.ivy2/jars/org.apache.kafka_kafka-clients-2.4.1.jar with timestamp 1633897937110
21/10/10 20:32:18 INFO Utils: /opt/bitnami/spark/.ivy2/jars/org.apache.kafka_kafka-clients-2.4.1.jar has been previously copied to /tmp/spark-5542c7de-108e-4347-ab41-a3c44a302f21/userFiles-410bc1cc-aa9b-4110-b94a-c00df582e797/org.apache.kafka_kafka-clients-2.4.1.jar
21/10/10 20:32:18 INFO Executor: Fetching file:///opt/bitnami/spark/.ivy2/jars/org.apache.spark_spark-sql-kafka-0-10_2.12-3.0.0.jar with timestamp 1633897937110
21/10/10 20:32:18 INFO Utils: /opt/bitnami/spark/.ivy2/jars/org.apache.spark_spark-sql-kafka-0-10_2.12-3.0.0.jar has been previously copied to /tmp/spark-5542c7de-108e-4347-ab41-a3c44a302f21/userFiles-410bc1cc-aa9b-4110-b94a-c00df582e797/org.apache.spark_spark-sql-kafka-0-10_2.12-3.0.0.jar
21/10/10 20:32:18 INFO Executor: Fetching file:///opt/bitnami/spark/.ivy2/jars/org.apache.commons_commons-pool2-2.6.2.jar with timestamp 1633897937110
21/10/10 20:32:18 INFO Utils: /opt/bitnami/spark/.ivy2/jars/org.apache.commons_commons-pool2-2.6.2.jar has been previously copied to /tmp/spark-5542c7de-108e-4347-ab41-a3c44a302f21/userFiles-410bc1cc-aa9b-4110-b94a-c00df582e797/org.apache.commons_commons-pool2-2.6.2.jar
21/10/10 20:32:18 INFO Executor: Fetching file:///opt/bitnami/spark/.ivy2/jars/org.spark-project.spark_unused-1.0.0.jar with timestamp 1633897937110
21/10/10 20:32:18 INFO Utils: /opt/bitnami/spark/.ivy2/jars/org.spark-project.spark_unused-1.0.0.jar has been previously copied to /tmp/spark-5542c7de-108e-4347-ab41-a3c44a302f21/userFiles-410bc1cc-aa9b-4110-b94a-c00df582e797/org.spark-project.spark_unused-1.0.0.jar
21/10/10 20:32:18 INFO Executor: Fetching file:///opt/bitnami/spark/.ivy2/jars/org.lz4_lz4-java-1.7.1.jar with timestamp 1633897937110
21/10/10 20:32:18 INFO Utils: /opt/bitnami/spark/.ivy2/jars/org.lz4_lz4-java-1.7.1.jar has been previously copied to /tmp/spark-5542c7de-108e-4347-ab41-a3c44a302f21/userFiles-410bc1cc-aa9b-4110-b94a-c00df582e797/org.lz4_lz4-java-1.7.1.jar
21/10/10 20:32:18 INFO Executor: Fetching file:///opt/bitnami/spark/.ivy2/jars/org.slf4j_slf4j-api-1.7.30.jar with timestamp 1633897937110
21/10/10 20:32:18 INFO Utils: /opt/bitnami/spark/.ivy2/jars/org.slf4j_slf4j-api-1.7.30.jar has been previously copied to /tmp/spark-5542c7de-108e-4347-ab41-a3c44a302f21/userFiles-410bc1cc-aa9b-4110-b94a-c00df582e797/org.slf4j_slf4j-api-1.7.30.jar
21/10/10 20:32:18 INFO Executor: Fetching spark://a9760481ca71:33113/jars/org.lz4_lz4-java-1.7.1.jar with timestamp 1633897937110
21/10/10 20:32:18 INFO TransportClientFactory: Successfully created connection to a9760481ca71/172.19.0.4:33113 after 81 ms (0 ms spent in bootstraps)
21/10/10 20:32:18 INFO Utils: Fetching spark://a9760481ca71:33113/jars/org.lz4_lz4-java-1.7.1.jar to /tmp/spark-5542c7de-108e-4347-ab41-a3c44a302f21/userFiles-410bc1cc-aa9b-4110-b94a-c00df582e797/fetchFileTemp2059527402673452040.tmp
21/10/10 20:32:18 INFO Utils: /tmp/spark-5542c7de-108e-4347-ab41-a3c44a302f21/userFiles-410bc1cc-aa9b-4110-b94a-c00df582e797/fetchFileTemp2059527402673452040.tmp has been previously copied to /tmp/spark-5542c7de-108e-4347-ab41-a3c44a302f21/userFiles-410bc1cc-aa9b-4110-b94a-c00df582e797/org.lz4_lz4-java-1.7.1.jar
21/10/10 20:32:18 INFO Executor: Adding file:/tmp/spark-5542c7de-108e-4347-ab41-a3c44a302f21/userFiles-410bc1cc-aa9b-4110-b94a-c00df582e797/org.lz4_lz4-java-1.7.1.jar to class loader
21/10/10 20:32:18 INFO Executor: Fetching spark://a9760481ca71:33113/jars/org.xerial.snappy_snappy-java-1.1.7.5.jar with timestamp 1633897937110
21/10/10 20:32:18 INFO Utils: Fetching spark://a9760481ca71:33113/jars/org.xerial.snappy_snappy-java-1.1.7.5.jar to /tmp/spark-5542c7de-108e-4347-ab41-a3c44a302f21/userFiles-410bc1cc-aa9b-4110-b94a-c00df582e797/fetchFileTemp937641959849015112.tmp
21/10/10 20:32:18 INFO Utils: /tmp/spark-5542c7de-108e-4347-ab41-a3c44a302f21/userFiles-410bc1cc-aa9b-4110-b94a-c00df582e797/fetchFileTemp937641959849015112.tmp has been previously copied to /tmp/spark-5542c7de-108e-4347-ab41-a3c44a302f21/userFiles-410bc1cc-aa9b-4110-b94a-c00df582e797/org.xerial.snappy_snappy-java-1.1.7.5.jar
21/10/10 20:32:18 INFO Executor: Adding file:/tmp/spark-5542c7de-108e-4347-ab41-a3c44a302f21/userFiles-410bc1cc-aa9b-4110-b94a-c00df582e797/org.xerial.snappy_snappy-java-1.1.7.5.jar to class loader
21/10/10 20:32:18 INFO Executor: Fetching spark://a9760481ca71:33113/jars/org.apache.commons_commons-pool2-2.6.2.jar with timestamp 1633897937110
21/10/10 20:32:18 INFO Utils: Fetching spark://a9760481ca71:33113/jars/org.apache.commons_commons-pool2-2.6.2.jar to /tmp/spark-5542c7de-108e-4347-ab41-a3c44a302f21/userFiles-410bc1cc-aa9b-4110-b94a-c00df582e797/fetchFileTemp5406621730506171547.tmp
21/10/10 20:32:18 INFO Utils: /tmp/spark-5542c7de-108e-4347-ab41-a3c44a302f21/userFiles-410bc1cc-aa9b-4110-b94a-c00df582e797/fetchFileTemp5406621730506171547.tmp has been previously copied to /tmp/spark-5542c7de-108e-4347-ab41-a3c44a302f21/userFiles-410bc1cc-aa9b-4110-b94a-c00df582e797/org.apache.commons_commons-pool2-2.6.2.jar
21/10/10 20:32:19 INFO Executor: Adding file:/tmp/spark-5542c7de-108e-4347-ab41-a3c44a302f21/userFiles-410bc1cc-aa9b-4110-b94a-c00df582e797/org.apache.commons_commons-pool2-2.6.2.jar to class loader
21/10/10 20:32:19 INFO Executor: Fetching spark://a9760481ca71:33113/jars/org.apache.spark_spark-token-provider-kafka-0-10_2.12-3.0.0.jar with timestamp 1633897937110
21/10/10 20:32:19 INFO Utils: Fetching spark://a9760481ca71:33113/jars/org.apache.spark_spark-token-provider-kafka-0-10_2.12-3.0.0.jar to /tmp/spark-5542c7de-108e-4347-ab41-a3c44a302f21/userFiles-410bc1cc-aa9b-4110-b94a-c00df582e797/fetchFileTemp7180770554353741043.tmp
21/10/10 20:32:19 INFO Utils: /tmp/spark-5542c7de-108e-4347-ab41-a3c44a302f21/userFiles-410bc1cc-aa9b-4110-b94a-c00df582e797/fetchFileTemp7180770554353741043.tmp has been previously copied to /tmp/spark-5542c7de-108e-4347-ab41-a3c44a302f21/userFiles-410bc1cc-aa9b-4110-b94a-c00df582e797/org.apache.spark_spark-token-provider-kafka-0-10_2.12-3.0.0.jar
21/10/10 20:32:19 INFO Executor: Adding file:/tmp/spark-5542c7de-108e-4347-ab41-a3c44a302f21/userFiles-410bc1cc-aa9b-4110-b94a-c00df582e797/org.apache.spark_spark-token-provider-kafka-0-10_2.12-3.0.0.jar to class loader
21/10/10 20:32:19 INFO Executor: Fetching spark://a9760481ca71:33113/jars/com.github.luben_zstd-jni-1.4.4-3.jar with timestamp 1633897937110
21/10/10 20:32:19 INFO Utils: Fetching spark://a9760481ca71:33113/jars/com.github.luben_zstd-jni-1.4.4-3.jar to /tmp/spark-5542c7de-108e-4347-ab41-a3c44a302f21/userFiles-410bc1cc-aa9b-4110-b94a-c00df582e797/fetchFileTemp335331129187378351.tmp
21/10/10 20:32:19 INFO Utils: /tmp/spark-5542c7de-108e-4347-ab41-a3c44a302f21/userFiles-410bc1cc-aa9b-4110-b94a-c00df582e797/fetchFileTemp335331129187378351.tmp has been previously copied to /tmp/spark-5542c7de-108e-4347-ab41-a3c44a302f21/userFiles-410bc1cc-aa9b-4110-b94a-c00df582e797/com.github.luben_zstd-jni-1.4.4-3.jar
21/10/10 20:32:19 INFO Executor: Adding file:/tmp/spark-5542c7de-108e-4347-ab41-a3c44a302f21/userFiles-410bc1cc-aa9b-4110-b94a-c00df582e797/com.github.luben_zstd-jni-1.4.4-3.jar to class loader
21/10/10 20:32:19 INFO Executor: Fetching spark://a9760481ca71:33113/jars/org.apache.spark_spark-sql-kafka-0-10_2.12-3.0.0.jar with timestamp 1633897937110
21/10/10 20:32:19 INFO Utils: Fetching spark://a9760481ca71:33113/jars/org.apache.spark_spark-sql-kafka-0-10_2.12-3.0.0.jar to /tmp/spark-5542c7de-108e-4347-ab41-a3c44a302f21/userFiles-410bc1cc-aa9b-4110-b94a-c00df582e797/fetchFileTemp3600777756340826822.tmp
21/10/10 20:32:19 INFO Utils: /tmp/spark-5542c7de-108e-4347-ab41-a3c44a302f21/userFiles-410bc1cc-aa9b-4110-b94a-c00df582e797/fetchFileTemp3600777756340826822.tmp has been previously copied to /tmp/spark-5542c7de-108e-4347-ab41-a3c44a302f21/userFiles-410bc1cc-aa9b-4110-b94a-c00df582e797/org.apache.spark_spark-sql-kafka-0-10_2.12-3.0.0.jar
21/10/10 20:32:19 INFO Executor: Adding file:/tmp/spark-5542c7de-108e-4347-ab41-a3c44a302f21/userFiles-410bc1cc-aa9b-4110-b94a-c00df582e797/org.apache.spark_spark-sql-kafka-0-10_2.12-3.0.0.jar to class loader
21/10/10 20:32:19 INFO Executor: Fetching spark://a9760481ca71:33113/jars/org.apache.kafka_kafka-clients-2.4.1.jar with timestamp 1633897937110
21/10/10 20:32:19 INFO Utils: Fetching spark://a9760481ca71:33113/jars/org.apache.kafka_kafka-clients-2.4.1.jar to /tmp/spark-5542c7de-108e-4347-ab41-a3c44a302f21/userFiles-410bc1cc-aa9b-4110-b94a-c00df582e797/fetchFileTemp9048890637186474297.tmp
21/10/10 20:32:19 INFO Utils: /tmp/spark-5542c7de-108e-4347-ab41-a3c44a302f21/userFiles-410bc1cc-aa9b-4110-b94a-c00df582e797/fetchFileTemp9048890637186474297.tmp has been previously copied to /tmp/spark-5542c7de-108e-4347-ab41-a3c44a302f21/userFiles-410bc1cc-aa9b-4110-b94a-c00df582e797/org.apache.kafka_kafka-clients-2.4.1.jar
21/10/10 20:32:19 INFO Executor: Adding file:/tmp/spark-5542c7de-108e-4347-ab41-a3c44a302f21/userFiles-410bc1cc-aa9b-4110-b94a-c00df582e797/org.apache.kafka_kafka-clients-2.4.1.jar to class loader
21/10/10 20:32:19 INFO Executor: Fetching spark://a9760481ca71:33113/jars/org.slf4j_slf4j-api-1.7.30.jar with timestamp 1633897937110
21/10/10 20:32:19 INFO Utils: Fetching spark://a9760481ca71:33113/jars/org.slf4j_slf4j-api-1.7.30.jar to /tmp/spark-5542c7de-108e-4347-ab41-a3c44a302f21/userFiles-410bc1cc-aa9b-4110-b94a-c00df582e797/fetchFileTemp7232150645908993013.tmp
21/10/10 20:32:19 INFO Utils: /tmp/spark-5542c7de-108e-4347-ab41-a3c44a302f21/userFiles-410bc1cc-aa9b-4110-b94a-c00df582e797/fetchFileTemp7232150645908993013.tmp has been previously copied to /tmp/spark-5542c7de-108e-4347-ab41-a3c44a302f21/userFiles-410bc1cc-aa9b-4110-b94a-c00df582e797/org.slf4j_slf4j-api-1.7.30.jar
21/10/10 20:32:19 INFO Executor: Adding file:/tmp/spark-5542c7de-108e-4347-ab41-a3c44a302f21/userFiles-410bc1cc-aa9b-4110-b94a-c00df582e797/org.slf4j_slf4j-api-1.7.30.jar to class loader
21/10/10 20:32:19 INFO Executor: Fetching spark://a9760481ca71:33113/jars/org.spark-project.spark_unused-1.0.0.jar with timestamp 1633897937110
21/10/10 20:32:19 INFO Utils: Fetching spark://a9760481ca71:33113/jars/org.spark-project.spark_unused-1.0.0.jar to /tmp/spark-5542c7de-108e-4347-ab41-a3c44a302f21/userFiles-410bc1cc-aa9b-4110-b94a-c00df582e797/fetchFileTemp894224923465553848.tmp
21/10/10 20:32:19 INFO Utils: /tmp/spark-5542c7de-108e-4347-ab41-a3c44a302f21/userFiles-410bc1cc-aa9b-4110-b94a-c00df582e797/fetchFileTemp894224923465553848.tmp has been previously copied to /tmp/spark-5542c7de-108e-4347-ab41-a3c44a302f21/userFiles-410bc1cc-aa9b-4110-b94a-c00df582e797/org.spark-project.spark_unused-1.0.0.jar
21/10/10 20:32:19 INFO Executor: Adding file:/tmp/spark-5542c7de-108e-4347-ab41-a3c44a302f21/userFiles-410bc1cc-aa9b-4110-b94a-c00df582e797/org.spark-project.spark_unused-1.0.0.jar to class loader
21/10/10 20:32:19 INFO Utils: Successfully started service 'org.apache.spark.network.netty.NettyBlockTransferService' on port 40597.
21/10/10 20:32:19 INFO NettyBlockTransferService: Server created on a9760481ca71:40597
21/10/10 20:32:19 INFO BlockManager: Using org.apache.spark.storage.RandomBlockReplicationPolicy for block replication policy
21/10/10 20:32:19 INFO BlockManagerMaster: Registering BlockManager BlockManagerId(driver, a9760481ca71, 40597, None)
21/10/10 20:32:19 INFO BlockManagerMasterEndpoint: Registering block manager a9760481ca71:40597 with 366.3 MiB RAM, BlockManagerId(driver, a9760481ca71, 40597, None)
21/10/10 20:32:19 INFO BlockManagerMaster: Registered BlockManager BlockManagerId(driver, a9760481ca71, 40597, None)
21/10/10 20:32:19 INFO BlockManager: Initialized BlockManager: BlockManagerId(driver, a9760481ca71, 40597, None)
21/10/10 20:32:19 INFO SharedState: Setting hive.metastore.warehouse.dir ('null') to the value of spark.sql.warehouse.dir ('file:/opt/bitnami/spark/spark-warehouse').
21/10/10 20:32:19 INFO SharedState: Warehouse path is 'file:/opt/bitnami/spark/spark-warehouse'.
21/10/10 20:32:23 WARN StreamingQueryManager: Temporary checkpoint location created which is deleted normally when the query didn't fail: /tmp/temporary-da3df664-2ea3-40de-a31e-7686283d7311. If it's required to delete it under any circumstances, please set spark.sql.streaming.forceDeleteTempCheckpointLocation to true. Important to know deleting temp checkpoint folder is best effort.
-------------------------------------------
Batch: 0
-------------------------------------------
+-----------------+--------------------+----------+----------+---------+
|     customerName|               email|     phone|  birthDay|birthYear|
+-----------------+--------------------+----------+----------+---------+
|      Chris Smith|Chris.Smith@test.com|7015551212|1965-01-01|     1965|
|     David Hansen|David.Hansen@test...|2015551212|1964-01-01|     1964|
|        Dan Abram|  Dan.Abram@test.com|0015551212|1963-01-01|     1963|
|      Craig Jones|Craig.Jones@test.com|7015551212|1962-01-01|     1962|
|       Jane Jones| Jane.Jones@test.com|1015551212|1961-01-01|     1961|
|     Jerry Khatib|Jerry.Khatib@test...|4015551212|1960-01-01|     1960|
|      Larry Jones|Larry.Jones@test.com|2015551212|1959-01-01|     1959|
|     John Jackson|John.Jackson@test...|5015551212|1958-01-01|     1958|
|    Danny Sanchez|Danny.Sanchez@tes...|8015551212|1957-01-01|     1957|
|   Spencer Harris|Spencer.Harris@te...|3015551212|1956-01-01|     1956|
| Neeraj Jefferson|Neeraj.Jefferson@...|4015551212|1955-01-01|     1955|
|    Danny Spencer|Danny.Spencer@tes...|0015551212|1954-01-01|     1954|
|   Edward Spencer|Edward.Spencer@te...|0015551212|1953-01-01|     1953|
|      Chris Clark|Chris.Clark@test.com|3015551212|1952-01-01|     1952|
|  Larry Aristotle|Larry.Aristotle@t...|0015551212|1951-01-01|     1951|
|   Ashley Lincoln|Ashley.Lincoln@te...|3015551212|1950-01-01|     1950|
|       John Jones| John.Jones@test.com|8015551212|1949-01-01|     1949|
|       Chris Huey| Chris.Huey@test.com|2015551212|1948-01-01|     1948|
|Senthil Aristotle|Senthil.Aristotle...|4015551212|1947-01-01|     1947|
|      Chris Jones|Chris.Jones@test.com|5015551212|1946-01-01|     1946|
+-----------------+--------------------+----------+----------+---------+
only showing top 20 rows

-------------------------------------------
Batch: 1
-------------------------------------------
+------------+-----+-----+--------+---------+
|customerName|email|phone|birthDay|birthYear|
+------------+-----+-----+--------+---------+
+------------+-----+-----+--------+---------+
