starting org.apache.spark.deploy.master.Master, logging to /opt/bitnami/spark/logs/spark--org.apache.spark.deploy.master.Master-1-ffeb2687137f.out
Spark Command: /opt/bitnami/java/bin/java -cp /opt/bitnami/spark/conf/:/opt/bitnami/spark/jars/* -Xmx1g org.apache.spark.deploy.master.Master --host ffeb2687137f --port 7077 --webui-port 8080
========================================
Using Spark's default log4j profile: org/apache/spark/log4j-defaults.properties
21/10/11 11:38:39 INFO Master: Started daemon with process name: 40@ffeb2687137f
21/10/11 11:38:39 INFO SignalUtils: Registering signal handler for TERM
21/10/11 11:38:39 INFO SignalUtils: Registering signal handler for HUP
21/10/11 11:38:39 INFO SignalUtils: Registering signal handler for INT
21/10/11 11:38:40 WARN NativeCodeLoader: Unable to load native-hadoop library for your platform... using builtin-java classes where applicable
21/10/11 11:38:40 INFO SecurityManager: Changing view acls to: spark
21/10/11 11:38:40 INFO SecurityManager: Changing modify acls to: spark
21/10/11 11:38:40 INFO SecurityManager: Changing view acls groups to:
21/10/11 11:38:40 INFO SecurityManager: Changing modify acls groups to:
21/10/11 11:38:40 INFO SecurityManager: SecurityManager: authentication disabled; ui acls disabled; users  with view permissions: Set(spark); groups with view permissions: Set(); users  with modify permissions: Set(spark); groups with modify permissions: Set()
21/10/11 11:38:41 INFO Utils: Successfully started service 'sparkMaster' on port 7077.
21/10/11 11:38:41 INFO Master: Starting Spark master at spark://ffeb2687137f:7077
21/10/11 11:38:42 INFO Master: Running Spark version 3.1.2
21/10/11 11:38:42 INFO Utils: Successfully started service 'MasterUI' on port 8080.
21/10/11 11:38:42 INFO MasterWebUI: Bound MasterWebUI to 0.0.0.0, and started at http://ffeb2687137f:8080
21/10/11 11:38:44 INFO Master: I have been elected leader! New state: ALIVE
21/10/11 11:38:45 INFO Master: Registering worker 172.22.0.4:37163 with 1 cores, 1024.0 MiB RAM